#
# A fatal error has been detected by the Java Runtime Environment:
#
#  SIGSEGV (0xb) at pc=0x0000000105329970, pid=624, tid=23811
#
# JRE version: Java(TM) SE Runtime Environment (18.0.2.1+1) (build 18.0.2.1+1-1)
# Java VM: Java HotSpot(TM) 64-Bit Server VM (18.0.2.1+1-1, mixed mode, sharing, tiered, compressed oops, compressed class ptrs, g1 gc, bsd-amd64)
# Problematic frame:
# V  [libjvm.dylib+0x2f8970]  _ZN23PhaseAggressiveCoalesce13insert_copiesER7Matcher+0x160
#
# No core dump will be written. Core dumps have been disabled. To enable core dumping, try "ulimit -c unlimited" before starting Java again
#
# If you would like to submit a bug report, please visit:
#   https://bugreport.java.com/bugreport/crash.jsp
#

---------------  S U M M A R Y ------------

Command Line: -XX:MaxMetaspaceSize=512m --add-opens=java.base/java.util=ALL-UNNAMED --add-opens=java.base/java.lang=ALL-UNNAMED --add-opens=java.base/java.lang.invoke=ALL-UNNAMED --add-opens=java.base/java.util=ALL-UNNAMED --add-opens=java.prefs/java.util.prefs=ALL-UNNAMED --add-opens=java.prefs/java.util.prefs=ALL-UNNAMED --add-opens=java.base/java.nio.charset=ALL-UNNAMED --add-opens=java.base/java.net=ALL-UNNAMED --add-opens=java.base/java.util.concurrent.atomic=ALL-UNNAMED -Xmx2048m -Dfile.encoding=utf8 -Duser.country=VN -Duser.language=en -Duser.variant org.gradle.launcher.daemon.bootstrap.GradleDaemon 7.3.3

Host: "MacBookPro12,1" x86_64 3100 MHz, 4 cores, 16G, Darwin 21.6.0, macOS 12.5.1 (21G83)
Time: Mon Aug 29 18:13:02 2022 +07 elapsed time: 18.815537 seconds (0d 0h 0m 18s)

---------------  T H R E A D  ---------------

Current thread (0x00007fdbaa00d600):  JavaThread "C2 CompilerThread0" daemon [_thread_in_native, id=23811, stack(0x000070000df2e000,0x000070000e02e000)]


Current CompileTask:
C2:  18815 4506       4       sun.net.util.URLUtil::urlNoFragString (114 bytes)

Stack: [0x000070000df2e000,0x000070000e02e000],  sp=0x000070000e02a4e0,  free space=1009k
Native frames: (J=compiled Java code, j=interpreted, Vv=VM code, C=native code)
V  [libjvm.dylib+0x2f8970]  _ZN23PhaseAggressiveCoalesce13insert_copiesER7Matcher+0x160
V  [libjvm.dylib+0x2a0f9f]  _ZN12PhaseChaitin17Register_AllocateEv+0x2df
V  [libjvm.dylib+0x31e640]  _ZN7Compile8Code_GenEv+0x3d0
V  [libjvm.dylib+0x31b9bb]  _ZN7CompileC2EP5ciEnvP8ciMethodi7OptionsP12DirectiveSet+0x108b
V  [libjvm.dylib+0x280cb0]  _ZN10C2Compiler14compile_methodEP5ciEnvP8ciMethodibP12DirectiveSet+0x100
V  [libjvm.dylib+0x32e0c2]  _ZN13CompileBroker25invoke_compiler_on_methodEP11CompileTask+0x4d2
V  [libjvm.dylib+0x32db4c]  _ZN13CompileBroker20compiler_thread_loopEv+0x45c
V  [libjvm.dylib+0x9e9809]  _ZN10JavaThread17thread_main_innerEv+0xc9
V  [libjvm.dylib+0x9e7ecf]  _ZN6Thread8call_runEv+0xcf
V  [libjvm.dylib+0x88a168]  _ZL19thread_native_entryP6Thread+0x148
C  [libsystem_pthread.dylib+0x64e1]  _pthread_start+0x7d
C  [libsystem_pthread.dylib+0x1f6b]  thread_start+0xf


siginfo: si_signo: 11 (SIGSEGV), si_code: 1 (SEGV_MAPERR), si_addr: 0x0000000000000008

Register to memory mapping:

RAX=0x00007fdbae2af010 points into unknown readable memory: 0x0000000000000000 | 00 00 00 00 00 00 00 00
RBX=0x00007fdbae2af5b0 points into unknown readable memory: 0x0000000100000006 | 06 00 00 00 01 00 00 00
RCX=0x0000000000018ba0 is an unknown value
RDX=0x0 is NULL
RSP=0x000070000e02a4e0 is pointing into the stack for thread: 0x00007fdbaa00d600
RBP=0x000070000e02a570 is pointing into the stack for thread: 0x00007fdbaa00d600
RSI=0x0000000000000058 is an unknown value
RDI=0x0 is NULL
R8 =0x0 is NULL
R9 =0x0000000004000000 is an unknown value
R10=0x000070000e02a6c8 is pointing into the stack for thread: 0x00007fdbaa00d600
R11=0xfffffffffbffffff is an unknown value
R12=0x0000000105cbe280: _ZN8IndexSet12_empty_blockE+0 in /Library/Java/JavaVirtualMachines/jdk-18.0.2.1.jdk/Contents/Home/lib/server/libjvm.dylib at 0x0000000105031000
R13=16777216 is a compressed pointer to class: 0x0000000801000000
java.lang.invoke.LambdaForm$MH/0x0000000801000000 {0x0000000801000000}
 - instance size:     2
 - klass size:        62
 - access:            final synchronized 
 - state:             fully_initialized
 - name:              'java/lang/invoke/LambdaForm$MH+0x0000000801000000'
 - super:             'java/lang/Object'
 - sub:               
 - arrays:            NULL
 - methods:           Array<T>(0x0000000124d2c288)
 - method ordering:   Array<T>(0x0000000800a85da8)
 - default_methods:   Array<T>(0x0000000000000000)
 - local interfaces:  Array<T>(0x00000008005c9310)
 - trans. interfaces: Array<T>(0x00000008005c9310)
 - constants:         constant pool [53] {0x0000000124d2c040} for 'java/lang/invoke/LambdaForm$MH+0x0000000801000000' cache=0x0000000124d2c428
 - class loader data:  loader data: 0x00007fdbae427f70 of 'bootstrap' has a class holder
 - source file:       'LambdaForm$MH'
 - class annotations:       Array<T>(0x0000000000000000)
 - class type annotations:  Array<T>(0x0000000000000000)
 - field annotations:       Array<T>(0x0000000000000000)
 - field type annotations:  Array<T>(0x0000000000000000)
 - inner classes:     Array<T>(0x00000008005c92a0)
 - nest members:     Array<T>(0x00000008005c92a0)
 - permitted subclasses:     Array<T>(0x00000008005c92a0)
 - java mirror:       a 'java/lang/Class'{0x0000000781695a70} = 'java/lang/invoke/LambdaForm$MH+0x0000000801000000'
 - vtable length      5  (start addr: 0x00000008010001b8)
 - itable length      2 (start addr: 0x00000008010001e0)
 - ---- static fields (1 words):
 - static final '_D_0' 'Ljava/lang/invoke/LambdaForm;' @112 
 - ---- non-static fields (0 words):
 - non-static oop maps: 
R14=0x0000000000000013 is an unknown value
R15=0x0000000000000001 is an unknown value


Registers:
RAX=0x00007fdbae2af010, RBX=0x00007fdbae2af5b0, RCX=0x0000000000018ba0, RDX=0x0000000000000000
RSP=0x000070000e02a4e0, RBP=0x000070000e02a570, RSI=0x0000000000000058, RDI=0x0000000000000000
R8 =0x0000000000000000, R9 =0x0000000004000000, R10=0x000070000e02a6c8, R11=0xfffffffffbffffff
R12=0x0000000105cbe280, R13=0x0000000001000000, R14=0x0000000000000013, R15=0x0000000000000001
RIP=0x0000000105329970, EFLAGS=0x0000000000010206, ERR=0x0000000000000004
  TRAPNO=0x000000000000000e

Top of Stack: (sp=0x000070000e02a4e0)
0x000070000e02a4e0:   000070000e02a6b0 00007fdbab7b6e60
0x000070000e02a4f0:   00007fdbab7b7630 0000000000000058
0x000070000e02a500:   0000000000000005 0000000000000000
0x000070000e02a510:   000070000000005a 000070000e02a6b0
0x000070000e02a520:   0000000001000000 0000000000000001
0x000070000e02a530:   0000000000000001 0000000000000000
0x000070000e02a540:   000070000e02a6c8 000070000e02a6b0
0x000070000e02a550:   000070000e02a588 000070000e02bee8
0x000070000e02a560:   00007fdbae3abaf0 00007fdbae3abae0
0x000070000e02a570:   000070000e02a800 00000001052d1f9f
0x000070000e02a580:   000070000e02c058 000000000000000a
0x000070000e02a590:   000070000e02cd60 00007fdbae2af010
0x000070000e02a5a0:   0000000000000000 00007fdbae2c9010
0x000070000e02a5b0:   00007fdbb1060210 00007fdbb1061e40
0x000070000e02a5c0:   00007fdbaf9bdc10 000070000e02c058
0x000070000e02a5d0:   000070000e02bfe8 00007fdb000005c4
0x000070000e02a5e0:   000070000e02a798 00007fdba9f13700
0x000070000e02a5f0:   0000000000000000 0000000000000000
0x000070000e02a600:   000000000000109f 00007fdbaed12e00
0x000070000e02a610:   000000013ffa8d21 0000000105b103f0
0x000070000e02a620:   0000000000000000 0000000000000000
0x000070000e02a630:   0000000000000000 0000000105b103f0
0x000070000e02a640:   00007fdbaed0ec00 00007fdba9f137b0
0x000070000e02a650:   00000000af8a8101 0000000000000000
0x000070000e02a660:   000000000000000d 0000000000000000
0x000070000e02a670:   0000000e00000000 0000000000000000
0x000070000e02a680:   000070000e02a6a0 0000000105a21bf3
0x000070000e02a690:   000070000e02a6a0 0000000105a21cb5
0x000070000e02a6a0:   000070000e02a700 000000010518e1b5
0x000070000e02a6b0:   0000000105c51eb8 000000000000000d
0x000070000e02a6c0:   000070000e02cd60 000070000e02bee8
0x000070000e02a6d0:   0000000005b103d0 00007fdba9f137b0 

Instructions: (pc=0x0000000105329970)
0x0000000105329870:   49 8b 02 41 ff c6 48 8d b8 e0 00 00 00 44 3b b0
0x0000000105329880:   e0 00 00 00 0f 83 cf 01 00 00 48 8b 80 f0 00 00
0x0000000105329890:   00 49 63 ce 44 89 f6 39 0c 88 74 0e 44 89 f6 e8
0x00000001053298a0:   ac 73 fa ff 4c 8b 55 d0 89 c6 41 39 f6 74 c1 49
0x00000001053298b0:   8b 02 48 8b 48 48 83 79 40 00 74 b7 45 89 f0 41
0x00000001053298c0:   c1 e8 08 45 89 f7 41 c1 ef 06 41 83 e7 03 41 b9
0x00000001053298d0:   01 00 00 00 44 89 f1 49 d3 e1 49 c7 c3 fe ff ff
0x00000001053298e0:   ff 49 d3 c3 41 bd 01 00 00 00 89 f1 49 d3 e5 85
0x00000001053298f0:   f6 0f 84 ff 00 00 00 44 89 75 a0 89 f1 c1 e9 08
0x0000000105329900:   48 89 4d c8 89 f1 c1 e9 06 83 e1 03 48 89 4d b8
0x0000000105329910:   45 31 f6 4c 8d 25 66 49 99 00 4c 89 7d c0 89 75
0x0000000105329920:   88 4c 89 6d b0 eb 1f 66 0f 1f 84 00 00 00 00 00
0x0000000105329930:   49 ff c6 49 8b 02 48 8b 48 48 8b 49 40 49 39 ce
0x0000000105329940:   0f 83 a7 00 00 00 48 8b 48 48 48 8b 40 68 48 8b
0x0000000105329950:   49 30 4a 8b 0c f1 48 8b 40 10 8b 49 4c ff c9 48
0x0000000105329960:   8d 0c 89 48 c1 e1 05 48 8b 54 08 08 4a 8b 14 c2
0x0000000105329970:   4a 8b 3c fa 4c 85 cf 74 b7 48 8d 1c 08 4c 21 df
0x0000000105329980:   4a 89 3c fa ff 0b 48 8d 44 08 08 48 8b 00 48 8b
0x0000000105329990:   4d c8 48 8b 04 c8 4c 39 e0 75 30 48 89 df 4d 89
0x00000001053299a0:   c7 4d 89 cd 4d 89 dc e8 34 67 1f 00 4d 89 e3 8b
0x00000001053299b0:   75 88 4d 89 e9 4c 8b 6d b0 4d 89 f8 4c 8b 7d c0
0x00000001053299c0:   4c 8d 25 b9 48 99 00 4c 8b 55 d0 48 8b 7d b8 48
0x00000001053299d0:   8b 0c f8 48 89 ca 4c 09 ea 48 89 14 f8 4c 85 e9
0x00000001053299e0:   0f 85 4a ff ff ff ff 03 e9 43 ff ff ff 44 8b 75
0x00000001053299f0:   a0 e9 7d fe ff ff 31 c9 eb 19 66 0f 1f 44 00 00
0x0000000105329a00:   48 ff c1 48 8b 50 48 8b 52 40 48 39 d1 0f 83 60
0x0000000105329a10:   fe ff ff 48 8b 50 48 48 8b 70 68 48 8b 52 30 48
0x0000000105329a20:   8b 3c ca 48 8b 56 10 8b 77 4c ff ce 48 8d 34 b6
0x0000000105329a30:   48 c1 e6 05 48 8b 7c 32 08 4a 8b 3c c7 4a 8b 1c
0x0000000105329a40:   ff 4c 85 cb 74 ba 4c 21 db 4a 89 1c ff ff 0c 32
0x0000000105329a50:   49 8b 02 eb ab 4c 8b 55 d0 48 8b 55 a8 48 8b 5a
0x0000000105329a60:   10 8b 8b 40 02 00 00 89 4a 20 48 8b 40 48 83 78 


Stack slot to memory mapping:
stack at sp + 0 slots: 0x000070000e02a6b0 is pointing into the stack for thread: 0x00007fdbaa00d600
stack at sp + 1 slots: 0x00007fdbab7b6e60 points into unknown readable memory: 0x0000000105c2e7b8 | b8 e7 c2 05 01 00 00 00
stack at sp + 2 slots: 0x00007fdbab7b7630 points into unknown readable memory: 0x0000000105c2e7b8 | b8 e7 c2 05 01 00 00 00
stack at sp + 3 slots: 0x0000000000000058 is an unknown value
stack at sp + 4 slots: 0x0000000000000005 is an unknown value
stack at sp + 5 slots: 0x0 is NULL
stack at sp + 6 slots: 0x000070000000005a is an unknown value
stack at sp + 7 slots: 0x000070000e02a6b0 is pointing into the stack for thread: 0x00007fdbaa00d600


---------------  P R O C E S S  ---------------

Threads class SMR info:
_java_thread_list=0x00007fdbae03b3d0, length=39, elements={
0x00007fdbab01ca00, 0x00007fdbac812200, 0x00007fdbab05d200, 0x00007fdbab05f600,
0x00007fdbac813c00, 0x00007fdbab061e00, 0x00007fdbaa00d600, 0x00007fdbab062400,
0x00007fdbab062a00, 0x00007fdbac814200, 0x00007fdbac80b600, 0x00007fdbab2ca000,
0x00007fdbab4ec400, 0x00007fdbab51ee00, 0x00007fdbab4eca00, 0x00007fdbaa1a3400,
0x00007fdbab4ed000, 0x00007fdbab51fa00, 0x00007fdbacbb3400, 0x00007fdbac985000,
0x00007fdbaa163a00, 0x00007fdbaa445800, 0x00007fdbacc2e400, 0x00007fdbac849600,
0x00007fdbab1be400, 0x00007fdbabc33400, 0x00007fdbab1ccc00, 0x00007fdbabc32c00,
0x00007fdbabcb5400, 0x00007fdbacd45e00, 0x00007fdbae9c5400, 0x00007fdbadb33a00,
0x00007fdbaf808e00, 0x00007fdbaea28e00, 0x00007fdbadb59c00, 0x00007fdbab38ea00,
0x00007fdbacc4e400, 0x00007fdbaecfc000, 0x00007fdbaf167000
}

Java Threads: ( => current thread )
  0x00007fdbab01ca00 JavaThread "main" [_thread_blocked, id=9987, stack(0x000070000d204000,0x000070000d304000)]
  0x00007fdbac812200 JavaThread "Reference Handler" daemon [_thread_blocked, id=16643, stack(0x000070000d919000,0x000070000da19000)]
  0x00007fdbab05d200 JavaThread "Finalizer" daemon [_thread_blocked, id=16131, stack(0x000070000da1c000,0x000070000db1c000)]
  0x00007fdbab05f600 JavaThread "Signal Dispatcher" daemon [_thread_blocked, id=22787, stack(0x000070000dc25000,0x000070000dd25000)]
  0x00007fdbac813c00 JavaThread "Service Thread" daemon [_thread_blocked, id=23299, stack(0x000070000dd28000,0x000070000de28000)]
  0x00007fdbab061e00 JavaThread "Monitor Deflation Thread" daemon [_thread_blocked, id=42243, stack(0x000070000de2b000,0x000070000df2b000)]
=>0x00007fdbaa00d600 JavaThread "C2 CompilerThread0" daemon [_thread_in_native, id=23811, stack(0x000070000df2e000,0x000070000e02e000)]
  0x00007fdbab062400 JavaThread "C1 CompilerThread0" daemon [_thread_blocked, id=41475, stack(0x000070000e031000,0x000070000e131000)]
  0x00007fdbab062a00 JavaThread "Sweeper thread" daemon [_thread_blocked, id=24067, stack(0x000070000e134000,0x000070000e234000)]
  0x00007fdbac814200 JavaThread "Common-Cleaner" daemon [_thread_blocked, id=24579, stack(0x000070000e237000,0x000070000e337000)]
  0x00007fdbac80b600 JavaThread "Notification Thread" daemon [_thread_blocked, id=24835, stack(0x000070000e33a000,0x000070000e43a000)]
  0x00007fdbab2ca000 JavaThread "Daemon health stats" [_thread_blocked, id=39431, stack(0x000070000e849000,0x000070000e949000)]
  0x00007fdbab4ec400 JavaThread "Incoming local TCP Connector on port 49218" [_thread_in_native, id=26371, stack(0x000070000e94c000,0x000070000ea4c000)]
  0x00007fdbab51ee00 JavaThread "Daemon" [_thread_blocked, id=26883, stack(0x000070000ea4f000,0x000070000eb4f000)]
  0x00007fdbab4eca00 JavaThread "Handler for socket connection from /127.0.0.1:49218 to /127.0.0.1:49219" [_thread_in_native, id=38915, stack(0x000070000eb52000,0x000070000ec52000)]
  0x00007fdbaa1a3400 JavaThread "Daemon periodic checks" [_thread_blocked, id=38403, stack(0x000070000ec55000,0x000070000ed55000)]
  0x00007fdbab4ed000 JavaThread "Cancel handler" [_thread_blocked, id=22279, stack(0x000070000ed58000,0x000070000ee58000)]
  0x00007fdbab51fa00 JavaThread "Daemon worker" [_thread_in_vm, id=27395, stack(0x000070000ee5b000,0x000070000ef5b000)]
  0x00007fdbacbb3400 JavaThread "Asynchronous log dispatcher for DefaultDaemonConnection: socket connection from /127.0.0.1:49218 to /127.0.0.1:49219" [_thread_blocked, id=27651, stack(0x000070000ef5e000,0x000070000f05e000)]
  0x00007fdbac985000 JavaThread "Stdin handler" [_thread_blocked, id=28163, stack(0x000070000f061000,0x000070000f161000)]
  0x00007fdbaa163a00 JavaThread "Daemon client event forwarder" [_thread_blocked, id=28419, stack(0x000070000f164000,0x000070000f264000)]
  0x00007fdbaa445800 JavaThread "Cache worker for journal cache (/Users/mac/.gradle/caches/journal-1)" [_thread_blocked, id=28679, stack(0x000070000f267000,0x000070000f367000)]
  0x00007fdbacc2e400 JavaThread "File lock request listener" [_thread_in_native, id=28931, stack(0x000070000f36a000,0x000070000f46a000)]
  0x00007fdbac849600 JavaThread "Cache worker for file hash cache (/Users/mac/.gradle/caches/7.3.3/fileHashes)" [_thread_blocked, id=36611, stack(0x000070000f46d000,0x000070000f56d000)]
  0x00007fdbab1be400 JavaThread "Cache worker for file hash cache (/Users/mac/Desktop/AppNote/android/.gradle/7.3.3/fileHashes)" [_thread_blocked, id=29191, stack(0x000070000f570000,0x000070000f670000)]
  0x00007fdbabc33400 JavaThread "File watcher server" daemon [_thread_in_native, id=29699, stack(0x000070000f776000,0x000070000f876000)]
  0x00007fdbab1ccc00 JavaThread "File watcher consumer" daemon [_thread_blocked, id=34563, stack(0x000070000f879000,0x000070000f979000)]
  0x00007fdbabc32c00 JavaThread "jar transforms" [_thread_blocked, id=34051, stack(0x000070000f97c000,0x000070000fa7c000)]
  0x00007fdbabcb5400 JavaThread "jar transforms Thread 2" [_thread_blocked, id=30211, stack(0x000070000fa7f000,0x000070000fb7f000)]
  0x00007fdbacd45e00 JavaThread "Cache worker for checksums cache (/Users/mac/Desktop/AppNote/android/.gradle/7.3.3/checksums)" [_thread_blocked, id=33539, stack(0x000070000fb82000,0x000070000fc82000)]
  0x00007fdbae9c5400 JavaThread "Cache worker for cache directory md-supplier (/Users/mac/.gradle/caches/7.3.3/md-supplier)" [_thread_blocked, id=33027, stack(0x000070000fc85000,0x000070000fd85000)]
  0x00007fdbadb33a00 JavaThread "Cache worker for cache directory md-rule (/Users/mac/.gradle/caches/7.3.3/md-rule)" [_thread_blocked, id=30979, stack(0x000070000fd88000,0x000070000fe88000)]
  0x00007fdbaf808e00 JavaThread "Cache worker for execution history cache (/Users/mac/.gradle/caches/7.3.3/executionHistory)" [_thread_blocked, id=31491, stack(0x000070000fe8b000,0x000070000ff8b000)]
  0x00007fdbaea28e00 JavaThread "jar transforms Thread 3" [_thread_blocked, id=32771, stack(0x000070000ff8e000,0x000070001008e000)]
  0x00007fdbadb59c00 JavaThread "Cache worker for file content cache (/Users/mac/.gradle/caches/7.3.3/fileContent)" [_thread_blocked, id=87043, stack(0x0000700010194000,0x0000700010294000)]
  0x00007fdbab38ea00 JavaThread "jar transforms Thread 4" [_thread_blocked, id=86787, stack(0x0000700010297000,0x0000700010397000)]
  0x00007fdbacc4e400 JavaThread "process reaper" daemon [_thread_blocked, id=86531, stack(0x000070000dba2000,0x000070000dbc6000)]
  0x00007fdbaecfc000 JavaThread "C2 CompilerThread1" daemon [_thread_in_native, id=36103, stack(0x000070000f673000,0x000070000f773000)]
  0x00007fdbaf167000 JavaThread "Cache worker for kotlin-dsl (/Users/mac/.gradle/caches/7.3.3/kotlin-dsl)" [_thread_blocked, id=86275, stack(0x000070001039a000,0x000070001049a000)]

Other Threads:
  0x00007fdbaab0dcb0 VMThread "VM Thread" [stack: 0x000070000d816000,0x000070000d916000] [id=15107]
  0x00007fdbaab1c7c0 WatcherThread "VM Periodic Task Thread" [stack: 0x000070000e43d000,0x000070000e53d000] [id=25091]
  0x00007fdbaa81e2d0 WorkerThread "GC Thread#0" [stack: 0x000070000d307000,0x000070000d407000] [id=20227]
  0x00007fdbaab332f0 WorkerThread "GC Thread#1" [stack: 0x000070000e540000,0x000070000e640000] [id=25607]
  0x00007fdbaab338e0 WorkerThread "GC Thread#2" [stack: 0x000070000e643000,0x000070000e743000] [id=40195]
  0x00007fdbaa8cdc10 WorkerThread "GC Thread#3" [stack: 0x000070000e746000,0x000070000e846000] [id=39939]
  0x00007fdbaa9081e0 ConcurrentGCThread "G1 Main Marker" [stack: 0x000070000d40a000,0x000070000d50a000] [id=19715]
  0x00007fdbaa81ec70 WorkerThread "G1 Conc#0" [stack: 0x000070000d50d000,0x000070000d60d000] [id=13059]
  0x00007fdbaa874b40 ConcurrentGCThread "G1 Refine#0" [stack: 0x000070000d610000,0x000070000d710000] [id=13827]
  0x00007fdbad758c80 ConcurrentGCThread "G1 Refine#1" [stack: 0x0000700010091000,0x0000700010191000] [id=32259]
  0x00007fdbaa875850 ConcurrentGCThread "G1 Service" [stack: 0x000070000d713000,0x000070000d813000] [id=14339]

Threads with active compile tasks:
C2 CompilerThread0    18846 4506       4       sun.net.util.URLUtil::urlNoFragString (114 bytes)
C2 CompilerThread1    18846 4494       4       java.lang.ClassLoader::defineClass (43 bytes)

VM state: not at safepoint (normal execution)

VM Mutex/Monitor currently owned by a thread: None

Heap address: 0x0000000780000000, size: 2048 MB, Compressed Oops mode: Zero based, Oop shift amount: 3

CDS archive(s) mapped at: [0x0000000800000000-0x0000000800ba8000-0x0000000800ba8000), size 12222464, SharedBaseAddress: 0x0000000800000000, ArchiveRelocationMode: 0.
Compressed class space mapped at: 0x0000000800c00000-0x000000081a800000, reserved size: 432013312
Narrow klass base: 0x0000000800000000, Narrow klass shift: 0, Narrow klass range: 0x100000000

GC Precious Log:
 CardTable entry size: 512
 Card Set container configuration: InlinePtr #cards 5 size 8 Array Of Cards #cards 12 size 40 Howl #buckets 4 coarsen threshold 1843 Howl Bitmap #cards 512 size 80 coarsen threshold 460 Card regions per heap region 1 cards per card region 2048
 CPUs: 4 total, 4 available
 Memory: 16384M
 Large Page Support: Disabled
 NUMA Support: Disabled
 Compressed Oops: Enabled (Zero based)
 Heap Region Size: 1M
 Heap Min Capacity: 8M
 Heap Initial Capacity: 256M
 Heap Max Capacity: 2G
 Pre-touch: Disabled
 Parallel Workers: 4
 Concurrent Workers: 1
 Concurrent Refinement Workers: 4
 Periodic GC: Disabled

Heap:
 garbage-first heap   total 92160K, used 44841K [0x0000000780000000, 0x0000000800000000)
  region size 1024K, 16 young (16384K), 5 survivors (5120K)
 Metaspace       used 39310K, committed 40704K, reserved 487424K
  class space    used 5437K, committed 6144K, reserved 421888K

Heap Regions: E=young(eden), S=young(survivor), O=old, HS=humongous(starts), HC=humongous(continues), CS=collection set, F=free, OA=open archive, CA=closed archive, TAMS=top-at-mark-start (previous, next)
|   0|0x0000000780000000, 0x0000000780100000, 0x0000000780100000|100%| O|  |TAMS 0x0000000780100000, 0x0000000780000000| Untracked 
|   1|0x0000000780100000, 0x0000000780200000, 0x0000000780200000|100%| O|  |TAMS 0x0000000780200000, 0x0000000780100000| Untracked 
|   2|0x0000000780200000, 0x0000000780300000, 0x0000000780300000|100%| O|  |TAMS 0x0000000780300000, 0x0000000780200000| Untracked 
|   3|0x0000000780300000, 0x0000000780400000, 0x0000000780400000|100%|HS|  |TAMS 0x0000000780400000, 0x0000000780300000| Complete 
|   4|0x0000000780400000, 0x0000000780500000, 0x0000000780500000|100%|HC|  |TAMS 0x0000000780500000, 0x0000000780400000| Complete 
|   5|0x0000000780500000, 0x0000000780600000, 0x0000000780600000|100%|HC|  |TAMS 0x0000000780600000, 0x0000000780500000| Complete 
|   6|0x0000000780600000, 0x0000000780700000, 0x0000000780700000|100%| O|  |TAMS 0x0000000780700000, 0x0000000780600000| Untracked 
|   7|0x0000000780700000, 0x0000000780800000, 0x0000000780800000|100%| O|  |TAMS 0x0000000780800000, 0x0000000780700000| Untracked 
|   8|0x0000000780800000, 0x0000000780900000, 0x0000000780900000|100%| O|  |TAMS 0x0000000780900000, 0x0000000780800000| Untracked 
|   9|0x0000000780900000, 0x0000000780a00000, 0x0000000780a00000|100%| O|  |TAMS 0x0000000780a00000, 0x0000000780900000| Untracked 
|  10|0x0000000780a00000, 0x0000000780b00000, 0x0000000780b00000|100%| O|  |TAMS 0x0000000780b00000, 0x0000000780a00000| Untracked 
|  11|0x0000000780b00000, 0x0000000780c00000, 0x0000000780c00000|100%| O|  |TAMS 0x0000000780c00000, 0x0000000780b00000| Untracked 
|  12|0x0000000780c00000, 0x0000000780d00000, 0x0000000780d00000|100%| O|  |TAMS 0x0000000780d00000, 0x0000000780c00000| Untracked 
|  13|0x0000000780d00000, 0x0000000780e00000, 0x0000000780e00000|100%| O|  |TAMS 0x0000000780e00000, 0x0000000780d00000| Untracked 
|  14|0x0000000780e00000, 0x0000000780f00000, 0x0000000780f00000|100%| O|  |TAMS 0x0000000780f00000, 0x0000000780e00000| Untracked 
|  15|0x0000000780f00000, 0x0000000781000000, 0x0000000781000000|100%| O|  |TAMS 0x0000000781000000, 0x0000000780f00000| Untracked 
|  16|0x0000000781000000, 0x0000000781100000, 0x0000000781100000|100%| O|  |TAMS 0x0000000781100000, 0x0000000781000000| Untracked 
|  17|0x0000000781100000, 0x0000000781200000, 0x0000000781200000|100%| O|  |TAMS 0x0000000781100000, 0x0000000781100000| Untracked 
|  18|0x0000000781200000, 0x0000000781300000, 0x0000000781300000|100%| O|  |TAMS 0x0000000781300000, 0x0000000781200000| Untracked 
|  19|0x0000000781300000, 0x0000000781400000, 0x0000000781400000|100%| O|  |TAMS 0x0000000781400000, 0x0000000781300000| Untracked 
|  20|0x0000000781400000, 0x0000000781500000, 0x0000000781500000|100%| O|  |TAMS 0x0000000781500000, 0x0000000781400000| Untracked 
|  21|0x0000000781500000, 0x0000000781600000, 0x0000000781600000|100%| O|  |TAMS 0x0000000781600000, 0x0000000781500000| Untracked 
|  22|0x0000000781600000, 0x0000000781700000, 0x0000000781700000|100%| O|  |TAMS 0x0000000781700000, 0x0000000781600000| Untracked 
|  23|0x0000000781700000, 0x0000000781800000, 0x0000000781800000|100%| O|  |TAMS 0x0000000781800000, 0x0000000781700000| Untracked 
|  24|0x0000000781800000, 0x0000000781900000, 0x0000000781900000|100%| O|  |TAMS 0x0000000781900000, 0x0000000781800000| Untracked 
|  25|0x0000000781900000, 0x0000000781a00000, 0x0000000781a00000|100%| O|  |TAMS 0x000000078192b000, 0x0000000781900000| Untracked 
|  26|0x0000000781a00000, 0x0000000781b00000, 0x0000000781b00000|100%| O|  |TAMS 0x0000000781a00000, 0x0000000781a00000| Untracked 
|  27|0x0000000781b00000, 0x0000000781c00000, 0x0000000781c00000|100%| O|  |TAMS 0x0000000781b00000, 0x0000000781b00000| Untracked 
|  28|0x0000000781c00000, 0x0000000781c6ee00, 0x0000000781d00000| 43%| O|  |TAMS 0x0000000781c00000, 0x0000000781c00000| Untracked 
|  29|0x0000000781d00000, 0x0000000781d00000, 0x0000000781e00000|  0%| F|  |TAMS 0x0000000781d00000, 0x0000000781d00000| Untracked 
|  30|0x0000000781e00000, 0x0000000781e00000, 0x0000000781f00000|  0%| F|  |TAMS 0x0000000781e00000, 0x0000000781e00000| Untracked 
|  31|0x0000000781f00000, 0x0000000781f00000, 0x0000000782000000|  0%| F|  |TAMS 0x0000000781f00000, 0x0000000781f00000| Untracked 
|  32|0x0000000782000000, 0x0000000782000000, 0x0000000782100000|  0%| F|  |TAMS 0x0000000782000000, 0x0000000782000000| Untracked 
|  33|0x0000000782100000, 0x0000000782100000, 0x0000000782200000|  0%| F|  |TAMS 0x0000000782100000, 0x0000000782100000| Untracked 
|  34|0x0000000782200000, 0x0000000782200000, 0x0000000782300000|  0%| F|  |TAMS 0x0000000782200000, 0x0000000782200000| Untracked 
|  35|0x0000000782300000, 0x0000000782300000, 0x0000000782400000|  0%| F|  |TAMS 0x0000000782300000, 0x0000000782300000| Untracked 
|  36|0x0000000782400000, 0x0000000782400000, 0x0000000782500000|  0%| F|  |TAMS 0x0000000782400000, 0x0000000782400000| Untracked 
|  37|0x0000000782500000, 0x0000000782500000, 0x0000000782600000|  0%| F|  |TAMS 0x0000000782500000, 0x0000000782500000| Untracked 
|  38|0x0000000782600000, 0x0000000782600000, 0x0000000782700000|  0%| F|  |TAMS 0x0000000782600000, 0x0000000782600000| Untracked 
|  39|0x0000000782700000, 0x0000000782700000, 0x0000000782800000|  0%| F|  |TAMS 0x0000000782700000, 0x0000000782700000| Untracked 
|  40|0x0000000782800000, 0x0000000782800000, 0x0000000782900000|  0%| F|  |TAMS 0x0000000782800000, 0x0000000782800000| Untracked 
|  41|0x0000000782900000, 0x0000000782900000, 0x0000000782a00000|  0%| F|  |TAMS 0x0000000782900000, 0x0000000782900000| Untracked 
|  42|0x0000000782a00000, 0x0000000782a00000, 0x0000000782b00000|  0%| F|  |TAMS 0x0000000782a00000, 0x0000000782a00000| Untracked 
|  43|0x0000000782b00000, 0x0000000782b00000, 0x0000000782c00000|  0%| F|  |TAMS 0x0000000782b00000, 0x0000000782b00000| Untracked 
|  44|0x0000000782c00000, 0x0000000782c00000, 0x0000000782d00000|  0%| F|  |TAMS 0x0000000782c00000, 0x0000000782c00000| Untracked 
|  45|0x0000000782d00000, 0x0000000782d00000, 0x0000000782e00000|  0%| F|  |TAMS 0x0000000782d00000, 0x0000000782d00000| Untracked 
|  46|0x0000000782e00000, 0x0000000782e758c8, 0x0000000782f00000| 45%| S|CS|TAMS 0x0000000782e00000, 0x0000000782e00000| Complete 
|  47|0x0000000782f00000, 0x0000000783000000, 0x0000000783000000|100%| S|CS|TAMS 0x0000000782f00000, 0x0000000782f00000| Complete 
|  48|0x0000000783000000, 0x0000000783100000, 0x0000000783100000|100%| S|CS|TAMS 0x0000000783000000, 0x0000000783000000| Complete 
|  49|0x0000000783100000, 0x0000000783200000, 0x0000000783200000|100%| S|CS|TAMS 0x0000000783100000, 0x0000000783100000| Complete 
|  50|0x0000000783200000, 0x0000000783300000, 0x0000000783300000|100%| S|CS|TAMS 0x0000000783200000, 0x0000000783200000| Complete 
|  51|0x0000000783300000, 0x0000000783300000, 0x0000000783400000|  0%| F|  |TAMS 0x0000000783300000, 0x0000000783300000| Untracked 
|  52|0x0000000783400000, 0x0000000783400000, 0x0000000783500000|  0%| F|  |TAMS 0x0000000783400000, 0x0000000783400000| Untracked 
|  53|0x0000000783500000, 0x0000000783500000, 0x0000000783600000|  0%| F|  |TAMS 0x0000000783500000, 0x0000000783500000| Untracked 
|  54|0x0000000783600000, 0x0000000783600000, 0x0000000783700000|  0%| F|  |TAMS 0x0000000783600000, 0x0000000783600000| Untracked 
|  55|0x0000000783700000, 0x0000000783700000, 0x0000000783800000|  0%| F|  |TAMS 0x0000000783700000, 0x0000000783700000| Untracked 
|  56|0x0000000783800000, 0x0000000783800000, 0x0000000783900000|  0%| F|  |TAMS 0x0000000783800000, 0x0000000783800000| Untracked 
|  57|0x0000000783900000, 0x0000000783900000, 0x0000000783a00000|  0%| F|  |TAMS 0x0000000783900000, 0x0000000783900000| Untracked 
|  58|0x0000000783a00000, 0x0000000783a00000, 0x0000000783b00000|  0%| F|  |TAMS 0x0000000783a00000, 0x0000000783a00000| Untracked 
|  59|0x0000000783b00000, 0x0000000783b00000, 0x0000000783c00000|  0%| F|  |TAMS 0x0000000783b00000, 0x0000000783b00000| Untracked 
|  60|0x0000000783c00000, 0x0000000783c00000, 0x0000000783d00000|  0%| F|  |TAMS 0x0000000783c00000, 0x0000000783c00000| Untracked 
|  61|0x0000000783d00000, 0x0000000783d00000, 0x0000000783e00000|  0%| F|  |TAMS 0x0000000783d00000, 0x0000000783d00000| Untracked 
|  62|0x0000000783e00000, 0x0000000783e00000, 0x0000000783f00000|  0%| F|  |TAMS 0x0000000783e00000, 0x0000000783e00000| Untracked 
|  63|0x0000000783f00000, 0x0000000783f00000, 0x0000000784000000|  0%| F|  |TAMS 0x0000000783f00000, 0x0000000783f00000| Untracked 
|  64|0x0000000784000000, 0x0000000784000000, 0x0000000784100000|  0%| F|  |TAMS 0x0000000784000000, 0x0000000784000000| Untracked 
|  65|0x0000000784100000, 0x0000000784100000, 0x0000000784200000|  0%| F|  |TAMS 0x0000000784100000, 0x0000000784100000| Untracked 
|  66|0x0000000784200000, 0x0000000784200000, 0x0000000784300000|  0%| F|  |TAMS 0x0000000784200000, 0x0000000784200000| Untracked 
|  67|0x0000000784300000, 0x0000000784300000, 0x0000000784400000|  0%| F|  |TAMS 0x0000000784300000, 0x0000000784300000| Untracked 
|  68|0x0000000784400000, 0x0000000784400000, 0x0000000784500000|  0%| F|  |TAMS 0x0000000784400000, 0x0000000784400000| Untracked 
|  69|0x0000000784500000, 0x0000000784500000, 0x0000000784600000|  0%| F|  |TAMS 0x0000000784500000, 0x0000000784500000| Untracked 
|  70|0x0000000784600000, 0x0000000784600000, 0x0000000784700000|  0%| F|  |TAMS 0x0000000784600000, 0x0000000784600000| Untracked 
|  71|0x0000000784700000, 0x0000000784700000, 0x0000000784800000|  0%| F|  |TAMS 0x0000000784700000, 0x0000000784700000| Untracked 
|  72|0x0000000784800000, 0x0000000784800000, 0x0000000784900000|  0%| F|  |TAMS 0x0000000784800000, 0x0000000784800000| Untracked 
|  73|0x0000000784900000, 0x0000000784900000, 0x0000000784a00000|  0%| F|  |TAMS 0x0000000784900000, 0x0000000784900000| Untracked 
|  74|0x0000000784a00000, 0x0000000784a00000, 0x0000000784b00000|  0%| F|  |TAMS 0x0000000784a00000, 0x0000000784a00000| Untracked 
|  75|0x0000000784b00000, 0x0000000784b00000, 0x0000000784c00000|  0%| F|  |TAMS 0x0000000784b00000, 0x0000000784b00000| Untracked 
|  76|0x0000000784c00000, 0x0000000784c00000, 0x0000000784d00000|  0%| F|  |TAMS 0x0000000784c00000, 0x0000000784c00000| Untracked 
|  77|0x0000000784d00000, 0x0000000784d80f40, 0x0000000784e00000| 50%| E|  |TAMS 0x0000000784d00000, 0x0000000784d00000| Complete 
|  78|0x0000000784e00000, 0x0000000784f00000, 0x0000000784f00000|100%| E|CS|TAMS 0x0000000784e00000, 0x0000000784e00000| Complete 
|  79|0x0000000784f00000, 0x0000000785000000, 0x0000000785000000|100%| E|CS|TAMS 0x0000000784f00000, 0x0000000784f00000| Complete 
|  80|0x0000000785000000, 0x0000000785100000, 0x0000000785100000|100%| E|CS|TAMS 0x0000000785000000, 0x0000000785000000| Complete 
| 221|0x000000078dd00000, 0x000000078de00000, 0x000000078de00000|100%| E|CS|TAMS 0x000000078dd00000, 0x000000078dd00000| Complete 
| 222|0x000000078de00000, 0x000000078df00000, 0x000000078df00000|100%| E|CS|TAMS 0x000000078de00000, 0x000000078de00000| Complete 
| 223|0x000000078df00000, 0x000000078e000000, 0x000000078e000000|100%| E|CS|TAMS 0x000000078df00000, 0x000000078df00000| Complete 
| 224|0x000000078e000000, 0x000000078e100000, 0x000000078e100000|100%| E|CS|TAMS 0x000000078e000000, 0x000000078e000000| Complete 
| 225|0x000000078e100000, 0x000000078e200000, 0x000000078e200000|100%| E|CS|TAMS 0x000000078e100000, 0x000000078e100000| Complete 
| 226|0x000000078e200000, 0x000000078e300000, 0x000000078e300000|100%| E|CS|TAMS 0x000000078e200000, 0x000000078e200000| Complete 
| 255|0x000000078ff00000, 0x0000000790000000, 0x0000000790000000|100%| E|CS|TAMS 0x000000078ff00000, 0x000000078ff00000| Complete 
|2046|0x00000007ffe00000, 0x00000007ffe74000, 0x00000007fff00000| 45%|OA|  |TAMS 0x00000007ffe74000, 0x00000007ffe00000| Untracked 
|2047|0x00000007fff00000, 0x00000007fff72000, 0x0000000800000000| 44%|CA|  |TAMS 0x00000007fff72000, 0x00000007fff00000| Untracked 

Card table byte_map: [0x0000000104674000,0x0000000104a74000] _byte_map_base: 0x0000000100a74000

Marking Bits (Prev, Next): (CMBitMap*) 0x00007fdbab808810, (CMBitMap*) 0x00007fdbab808850
 Prev Bits: [0x00000001060b9000, 0x00000001080b9000)
 Next Bits: [0x000000011f480000, 0x0000000121480000)

Polling page: 0x0000000101fc2000

Metaspace:

Usage:
  Non-class:     33.09 MB used.
      Class:      5.31 MB used.
       Both:     38.40 MB used.

Virtual space:
  Non-class space:       64.00 MB reserved,      33.75 MB ( 53%) committed,  1 nodes.
      Class space:      412.00 MB reserved,       6.00 MB (  1%) committed,  1 nodes.
             Both:      476.00 MB reserved,      39.75 MB (  8%) committed. 

Chunk freelists:
   Non-Class:  2.16 MB
       Class:  2.01 MB
        Both:  4.16 MB

MaxMetaspaceSize: 512.00 MB
CompressedClassSpaceSize: 412.00 MB
Initial GC threshold: 21.00 MB
Current GC threshold: 58.75 MB
CDS: on
MetaspaceReclaimPolicy: balanced
 - commit_granule_bytes: 65536.
 - commit_granule_words: 8192.
 - virtual_space_node_default_size: 8388608.
 - enlarge_chunks_in_place: 1.
 - new_chunks_are_fully_committed: 0.
 - uncommit_free_chunks: 1.
 - use_allocation_guard: 0.


Internal statistics:

num_allocs_failed_limit: 6.
num_arena_births: 2444.
num_arena_deaths: 0.
num_vsnodes_births: 2.
num_vsnodes_deaths: 0.
num_space_committed: 636.
num_space_uncommitted: 0.
num_chunks_returned_to_freelist: 6.
num_chunks_taken_from_freelist: 4232.
num_chunk_merges: 0.
num_chunk_splits: 2720.
num_chunks_enlarged: 1646.
num_inconsistent_stats: 0.

CodeHeap 'non-profiled nmethods': size=120032Kb used=2372Kb max_used=2372Kb free=117659Kb
 bounds [0x0000000117f48000, 0x00000001181b8000, 0x000000011f480000]
CodeHeap 'profiled nmethods': size=120028Kb used=9177Kb max_used=9177Kb free=110850Kb
 bounds [0x0000000110a11000, 0x0000000111311000, 0x0000000117f48000]
CodeHeap 'non-nmethods': size=5700Kb used=2296Kb max_used=2333Kb free=3403Kb
 bounds [0x0000000110480000, 0x00000001106f0000, 0x0000000110a11000]
 total_blobs=5308 nmethods=4508 adapters=713
 compilation: enabled
              stopped_count=0, restarted_count=0
 full_count=0

Compilation events (20 events):
Event: 18.780 Thread 0x00007fdbab062400 4523       3       org.gradle.internal.instantiation.generator.AbstractClassGenerator$ManagedPropertiesHandler::visitProperty (37 bytes)
Event: 18.781 Thread 0x00007fdbab062400 nmethod 4523 0x00000001112fba10 code [0x00000001112fbc20, 0x00000001112fc120]
Event: 18.781 Thread 0x00007fdbab062400 4524       3       org.gradle.internal.instantiation.generator.AbstractClassGenerator::access$1800 (5 bytes)
Event: 18.781 Thread 0x00007fdbab062400 nmethod 4524 0x00000001112fc310 code [0x00000001112fc520, 0x00000001112fcc80]
Event: 18.781 Thread 0x00007fdbab062400 4525       3       org.gradle.internal.instantiation.generator.AbstractClassGenerator::isEagerAttachProperty (33 bytes)
Event: 18.782 Thread 0x00007fdbab062400 nmethod 4525 0x00000001112fce90 code [0x00000001112fd120, 0x00000001112fdef0]
Event: 18.786 Thread 0x00007fdbab062400 4526       3       sun.invoke.util.VerifyAccess::isModuleAccessible (97 bytes)
Event: 18.787 Thread 0x00007fdbab062400 nmethod 4526 0x00000001112fe290 code [0x00000001112fe560, 0x00000001112ff260]
Event: 18.798 Thread 0x00007fdbab062400 4531       3       org.gradle.internal.instantiation.generator.AsmBackedClassGenerator$ClassBuilderImpl::addGetter (56 bytes)
Event: 18.799 Thread 0x00007fdbab062400 nmethod 4531 0x00000001112ff710 code [0x00000001112ff900, 0x00000001112ffce0]
Event: 18.802 Thread 0x00007fdbab062400 4533       3       jdk.internal.org.objectweb.asm.ClassReader::readConst (276 bytes)
Event: 18.804 Thread 0x00007fdbab062400 nmethod 4533 0x00000001112fff90 code [0x0000000111300420, 0x0000000111302210]
Event: 18.804 Thread 0x00007fdbab062400 4534       3       jdk.internal.org.objectweb.asm.ClassReader::readUTF8 (23 bytes)
Event: 18.804 Thread 0x00007fdbab062400 nmethod 4534 0x0000000111302c90 code [0x0000000111302e60, 0x00000001113030b0]
Event: 18.804 Thread 0x00007fdbab062400 4535       3       jdk.internal.org.objectweb.asm.ClassReader::readUtf (44 bytes)
Event: 18.804 Thread 0x00007fdbab062400 nmethod 4535 0x0000000111303190 code [0x0000000111303360, 0x0000000111303770]
Event: 18.804 Thread 0x00007fdbab062400 4536       3       jdk.internal.org.objectweb.asm.Type::getObjectType (31 bytes)
Event: 18.805 Thread 0x00007fdbab062400 nmethod 4536 0x0000000111303910 code [0x0000000111303b40, 0x00000001113043b0]
Event: 18.805 Thread 0x00007fdbab062400 4537       3       jdk.internal.org.objectweb.asm.Type::getClassName (172 bytes)
Event: 18.808 Thread 0x00007fdbab062400 nmethod 4537 0x0000000111304790 code [0x0000000111304b40, 0x0000000111306260]

GC Heap History (18 events):
Event: 1.326 GC heap before
{Heap before GC invocations=0 (full 0):
 garbage-first heap   total 264192K, used 20376K [0x0000000780000000, 0x0000000800000000)
  region size 1024K, 13 young (13312K), 0 survivors (0K)
 Metaspace       used 969K, committed 1088K, reserved 487424K
  class space    used 87K, committed 128K, reserved 421888K
}
Event: 1.330 GC heap after
{Heap after GC invocations=1 (full 0):
 garbage-first heap   total 264192K, used 8635K [0x0000000780000000, 0x0000000800000000)
  region size 1024K, 2 young (2048K), 2 survivors (2048K)
 Metaspace       used 969K, committed 1088K, reserved 487424K
  class space    used 87K, committed 128K, reserved 421888K
}
Event: 2.672 GC heap before
{Heap before GC invocations=1 (full 0):
 garbage-first heap   total 264192K, used 23995K [0x0000000780000000, 0x0000000800000000)
  region size 1024K, 17 young (17408K), 2 survivors (2048K)
 Metaspace       used 3773K, committed 3968K, reserved 487424K
  class space    used 478K, committed 576K, reserved 421888K
}
Event: 2.688 GC heap after
{Heap after GC invocations=2 (full 0):
 garbage-first heap   total 264192K, used 9607K [0x0000000780000000, 0x0000000800000000)
  region size 1024K, 1 young (1024K), 1 survivors (1024K)
 Metaspace       used 3773K, committed 3968K, reserved 487424K
  class space    used 478K, committed 576K, reserved 421888K
}
Event: 7.813 GC heap before
{Heap before GC invocations=2 (full 0):
 garbage-first heap   total 264192K, used 83335K [0x0000000780000000, 0x0000000800000000)
  region size 1024K, 73 young (74752K), 1 survivors (1024K)
 Metaspace       used 16379K, committed 16832K, reserved 487424K
  class space    used 2328K, committed 2560K, reserved 421888K
}
Event: 7.832 GC heap after
{Heap after GC invocations=3 (full 0):
 garbage-first heap   total 264192K, used 18838K [0x0000000780000000, 0x0000000800000000)
  region size 1024K, 10 young (10240K), 10 survivors (10240K)
 Metaspace       used 16379K, committed 16832K, reserved 487424K
  class space    used 2328K, committed 2560K, reserved 421888K
}
Event: 9.029 GC heap before
{Heap before GC invocations=3 (full 0):
 garbage-first heap   total 264192K, used 46486K [0x0000000780000000, 0x0000000800000000)
  region size 1024K, 39 young (39936K), 10 survivors (10240K)
 Metaspace       used 20854K, committed 21504K, reserved 487424K
  class space    used 3005K, committed 3328K, reserved 421888K
}
Event: 9.048 GC heap after
{Heap after GC invocations=4 (full 0):
 garbage-first heap   total 264192K, used 24393K [0x0000000780000000, 0x0000000800000000)
  region size 1024K, 6 young (6144K), 6 survivors (6144K)
 Metaspace       used 20854K, committed 21504K, reserved 487424K
  class space    used 3005K, committed 3328K, reserved 421888K
}
Event: 11.789 GC heap before
{Heap before GC invocations=5 (full 0):
 garbage-first heap   total 92160K, used 73545K [0x0000000780000000, 0x0000000800000000)
  region size 1024K, 54 young (55296K), 6 survivors (6144K)
 Metaspace       used 27918K, committed 29056K, reserved 487424K
  class space    used 4121K, committed 4736K, reserved 421888K
}
Event: 11.801 GC heap after
{Heap after GC invocations=6 (full 0):
 garbage-first heap   total 92160K, used 25753K [0x0000000780000000, 0x0000000800000000)
  region size 1024K, 4 young (4096K), 4 survivors (4096K)
 Metaspace       used 27918K, committed 29056K, reserved 487424K
  class space    used 4121K, committed 4736K, reserved 421888K
}
Event: 11.844 GC heap before
{Heap before GC invocations=6 (full 0):
 garbage-first heap   total 92160K, used 26777K [0x0000000780000000, 0x0000000800000000)
  region size 1024K, 5 young (5120K), 4 survivors (4096K)
 Metaspace       used 28033K, committed 29184K, reserved 487424K
  class space    used 4133K, committed 4736K, reserved 421888K
}
Event: 11.850 GC heap after
{Heap after GC invocations=7 (full 0):
 garbage-first heap   total 92160K, used 26346K [0x0000000780000000, 0x0000000800000000)
  region size 1024K, 1 young (1024K), 1 survivors (1024K)
 Metaspace       used 28033K, committed 29184K, reserved 487424K
  class space    used 4133K, committed 4736K, reserved 421888K
}
Event: 13.330 GC heap before
{Heap before GC invocations=7 (full 0):
 garbage-first heap   total 92160K, used 69354K [0x0000000780000000, 0x0000000800000000)
  region size 1024K, 41 young (41984K), 1 survivors (1024K)
 Metaspace       used 34217K, committed 35328K, reserved 487424K
  class space    used 4705K, committed 5312K, reserved 421888K
}
Event: 13.335 GC heap after
{Heap after GC invocations=8 (full 0):
 garbage-first heap   total 92160K, used 30615K [0x0000000780000000, 0x0000000800000000)
  region size 1024K, 5 young (5120K), 5 survivors (5120K)
 Metaspace       used 34217K, committed 35328K, reserved 487424K
  class space    used 4705K, committed 5312K, reserved 421888K
}
Event: 13.837 GC heap before
{Heap before GC invocations=8 (full 0):
 garbage-first heap   total 92160K, used 38807K [0x0000000780000000, 0x0000000800000000)
  region size 1024K, 14 young (14336K), 5 survivors (5120K)
 Metaspace       used 34813K, committed 35968K, reserved 487424K
  class space    used 4797K, committed 5440K, reserved 421888K
}
Event: 13.845 GC heap after
{Heap after GC invocations=9 (full 0):
 garbage-first heap   total 92160K, used 31762K [0x0000000780000000, 0x0000000800000000)
  region size 1024K, 2 young (2048K), 2 survivors (2048K)
 Metaspace       used 34813K, committed 35968K, reserved 487424K
  class space    used 4797K, committed 5440K, reserved 421888K
}
Event: 18.504 GC heap before
{Heap before GC invocations=10 (full 0):
 garbage-first heap   total 92160K, used 67602K [0x0000000780000000, 0x0000000800000000)
  region size 1024K, 37 young (37888K), 2 survivors (2048K)
 Metaspace       used 38228K, committed 39616K, reserved 487424K
  class space    used 5244K, committed 5952K, reserved 421888K
}
Event: 18.514 GC heap after
{Heap after GC invocations=11 (full 0):
 garbage-first heap   total 92160K, used 34601K [0x0000000780000000, 0x0000000800000000)
  region size 1024K, 5 young (5120K), 5 survivors (5120K)
 Metaspace       used 38228K, committed 39616K, reserved 487424K
  class space    used 5244K, committed 5952K, reserved 421888K
}

Deoptimization events (20 events):
Event: 13.834 Thread 0x00007fdbab51fa00 DEOPT PACKING pc=0x0000000117ff8d3c sp=0x000070000ef53ea0
Event: 13.834 Thread 0x00007fdbab51fa00 DEOPT UNPACKING pc=0x00000001104d2099 sp=0x000070000ef53e38 mode 2
Event: 15.454 Thread 0x00007fdbab51fa00 Uncommon trap: trap_request=0xffffff45 fr.pc=0x000000011812b8f8 relative=0x00000000000006f8
Event: 15.454 Thread 0x00007fdbab51fa00 Uncommon trap: reason=unstable_if action=reinterpret pc=0x000000011812b8f8 method=java.io.BufferedInputStream.read([BII)I @ 56 c2
Event: 15.454 Thread 0x00007fdbab51fa00 DEOPT PACKING pc=0x000000011812b8f8 sp=0x000070000ef539f0
Event: 15.454 Thread 0x00007fdbab51fa00 DEOPT UNPACKING pc=0x00000001104d2099 sp=0x000070000ef539c8 mode 2
Event: 17.678 Thread 0x00007fdbab51fa00 Uncommon trap: trap_request=0xffffff45 fr.pc=0x0000000117f57a34 relative=0x0000000000000514
Event: 17.678 Thread 0x00007fdbab51fa00 Uncommon trap: reason=unstable_if action=reinterpret pc=0x0000000117f57a34 method=java.lang.AbstractStringBuilder.inflateIfNeededFor(Ljava/lang/String;)V @ 14 c2
Event: 17.678 Thread 0x00007fdbab51fa00 DEOPT PACKING pc=0x0000000117f57a34 sp=0x000070000ef53db0
Event: 17.678 Thread 0x00007fdbab51fa00 DEOPT UNPACKING pc=0x00000001104d2099 sp=0x000070000ef53cb8 mode 2
Event: 17.679 Thread 0x00007fdbab51fa00 Uncommon trap: trap_request=0xffffff45 fr.pc=0x0000000117f567f4 relative=0x00000000000000d4
Event: 17.679 Thread 0x00007fdbab51fa00 Uncommon trap: reason=unstable_if action=reinterpret pc=0x0000000117f567f4 method=java.lang.String.getBytes([BIB)V @ 5 c2
Event: 17.679 Thread 0x00007fdbab51fa00 DEOPT PACKING pc=0x0000000117f567f4 sp=0x000070000ef53cd0
Event: 17.679 Thread 0x00007fdbab51fa00 DEOPT UNPACKING pc=0x00000001104d2099 sp=0x000070000ef53c78 mode 2
Event: 17.824 Thread 0x00007fdbab51fa00 Uncommon trap: trap_request=0xffffff45 fr.pc=0x00000001180e1fb0 relative=0x0000000000000110
Event: 17.824 Thread 0x00007fdbab51fa00 Uncommon trap: reason=unstable_if action=reinterpret pc=0x00000001180e1fb0 method=java.util.Arrays.hashCode([Ljava/lang/Object;)I @ 34 c2
Event: 17.824 Thread 0x00007fdbab51fa00 DEOPT PACKING pc=0x00000001180e1fb0 sp=0x000070000ef53200
Event: 17.824 Thread 0x00007fdbab51fa00 DEOPT UNPACKING pc=0x00000001104d2099 sp=0x000070000ef53198 mode 2
Event: 18.747 Thread 0x00007fdbab51fa00 DEOPT PACKING pc=0x0000000110e74487 sp=0x000070000ef538d0
Event: 18.747 Thread 0x00007fdbab51fa00 DEOPT UNPACKING pc=0x00000001104d282f sp=0x000070000ef52d60 mode 0

Classes loaded (20 events):
Event: 15.462 Loading class java/lang/StringCustomizer
Event: 15.462 Loading class java/lang/StringCustomizer done
Event: 17.826 Loading class java/io/FileBeanInfo
Event: 17.826 Loading class java/io/FileBeanInfo done
Event: 17.826 Loading class java/io/FileBeanInfo
Event: 17.826 Loading class java/io/FileBeanInfo done
Event: 17.827 Loading class java/io/FileCustomizer
Event: 17.827 Loading class java/io/FileCustomizer done
Event: 17.827 Loading class java/io/FileCustomizer
Event: 17.827 Loading class java/io/FileCustomizer done
Event: 18.313 Loading class java/util/stream/ReferencePipeline$4
Event: 18.313 Loading class java/util/stream/ReferencePipeline$4 done
Event: 18.313 Loading class java/util/function/IntBinaryOperator
Event: 18.313 Loading class java/util/function/IntBinaryOperator done
Event: 18.314 Loading class java/util/stream/ReduceOps$6
Event: 18.314 Loading class java/util/stream/ReduceOps$6 done
Event: 18.314 Loading class java/util/stream/ReduceOps$5ReducingSink
Event: 18.314 Loading class java/util/stream/ReduceOps$5ReducingSink done
Event: 18.314 Loading class java/util/stream/ReferencePipeline$4$1
Event: 18.314 Loading class java/util/stream/ReferencePipeline$4$1 done

Classes unloaded (0 events):
No events

Classes redefined (0 events):
No events

Internal exceptions (20 events):
Event: 17.747 Thread 0x00007fdbab51fa00 Exception <a 'java/lang/ClassNotFoundException'{0x00000007849143a0}: groovy/lang/GroovyShellCustomizer> (0x00000007849143a0) 
thrown [open/src/hotspot/share/classfile/systemDictionary.cpp, line 255]
Event: 17.770 Thread 0x00007fdbab51fa00 Exception <a 'java/lang/ClassNotFoundException'{0x00000007849ac6d0}: org/gradle/internal/logging/slf4j/OutputEventListenerBackedLoggerBeanInfo> (0x00000007849ac6d0) 
thrown [open/src/hotspot/share/classfile/systemDictionary.cpp, line 255]
Event: 17.771 Thread 0x00007fdbab51fa00 Exception <a 'java/lang/ClassNotFoundException'{0x00000007849be480}: org/gradle/internal/logging/slf4j/BuildOperationAwareLoggerBeanInfo> (0x00000007849be480) 
thrown [open/src/hotspot/share/classfile/systemDictionary.cpp, line 255]
Event: 17.774 Thread 0x00007fdbab51fa00 Exception <a 'java/lang/ClassNotFoundException'{0x00000007849cf760}: org/gradle/internal/logging/slf4j/BuildOperationAwareLoggerCustomizer> (0x00000007849cf760) 
thrown [open/src/hotspot/share/classfile/systemDictionary.cpp, line 255]
Event: 17.778 Thread 0x00007fdbab51fa00 Exception <a 'java/lang/ClassNotFoundException'{0x000000078480fb20}: org/gradle/internal/logging/slf4j/OutputEventListenerBackedLoggerCustomizer> (0x000000078480fb20) 
thrown [open/src/hotspot/share/classfile/systemDictionary.cpp, line 255]
Event: 17.822 Thread 0x00007fdbab51fa00 Exception <a 'java/lang/IncompatibleClassChangeError'{0x0000000784730f00}: Found class java.lang.Object, but interface was expected> (0x0000000784730f00) 
thrown [open/src/hotspot/share/interpreter/linkResolver.cpp, line 826]
Event: 17.824 Thread 0x00007fdbab51fa00 Implicit null exception at 0x00000001180e1eec to 0x00000001180e1f94
Event: 17.826 Thread 0x00007fdbab51fa00 Exception <a 'java/lang/ClassNotFoundException'{0x0000000784756898}: java/io/FileBeanInfo> (0x0000000784756898) 
thrown [open/src/hotspot/share/classfile/systemDictionary.cpp, line 255]
Event: 17.827 Thread 0x00007fdbab51fa00 Exception <a 'java/lang/ClassNotFoundException'{0x000000078475c320}: java/io/FileCustomizer> (0x000000078475c320) 
thrown [open/src/hotspot/share/classfile/systemDictionary.cpp, line 255]
Event: 17.964 Thread 0x00007fdbab51fa00 Exception <a 'java/lang/NoSuchMethodError'{0x0000000784488568}: 'java.lang.Object java.lang.invoke.Invokers$Holder.invoker(java.lang.Object, java.lang.Object, java.lang.Object, java.lang.Object, java.lang.Object, java.lang.Object, java.lang.Object, java.lang.Object, java.lang.Object)'> (0x0000000784488568) 
thrown [open/src/hotspot/share/interpreter/linkResolver.cpp, line 759]
Event: 17.988 Thread 0x00007fdbab51fa00 Exception <a 'java/lang/NoSuchMethodError'{0x000000078437fc70}: 'java.lang.Object java.lang.invoke.Invokers$Holder.invoker(java.lang.Object, java.lang.Object, java.lang.Object, java.lang.Object, java.lang.Object, java.lang.Object, java.lang.Object, java.lang.Object, java.lang.Object, java.lang.Object, java.lang.Object, java.lang.Object, java.lang.Object, java.lang.Object, java.lang.Object, java.lang.Object, java.lang.Object, java.lang.Object, java.lang.Object, java.lang.Object, java.lang.Object)'> (0x00000
Event: 17.989 Thread 0x00007fdbab51fa00 Exception <a 'java/lang/NoSuchMethodError'{0x000000078439cb30}: 'java.lang.Object java.lang.invoke.DelegatingMethodHandle$Holder.delegate(java.lang.Object, java.lang.Object, java.lang.Object, java.lang.Object, java.lang.Object, java.lang.Object, java.lang.Object, java.lang.Object, java.lang.Object, java.lang.Object, java.lang.Object, java.lang.Object, java.lang.Object, java.lang.Object, java.lang.Object, java.lang.Object, java.lang.Object, java.lang.Object, java.lang.Object, java.lang.Object, java.lang.Obj
Event: 18.192 Thread 0x00007fdbab51fa00 Exception <a 'java/lang/IncompatibleClassChangeError'{0x0000000783dfde18}: Found class java.lang.Object, but interface was expected> (0x0000000783dfde18) 
thrown [open/src/hotspot/share/interpreter/linkResolver.cpp, line 826]
Event: 18.345 Thread 0x00007fdbab51fa00 Exception <a 'java/lang/IncompatibleClassChangeError'{0x00000007839e23b8}: Found class java.lang.Object, but interface was expected> (0x00000007839e23b8) 
thrown [open/src/hotspot/share/interpreter/linkResolver.cpp, line 826]
Event: 18.361 Thread 0x00007fdbab51fa00 Exception <a 'java/lang/NoSuchMethodError'{0x000000078384f428}: 'void java.lang.invoke.DirectMethodHandle$Holder.invokeStatic(java.lang.Object, java.lang.Object, java.lang.Object, java.lang.Object, java.lang.Object, java.lang.Object)'> (0x000000078384f428) 
thrown [open/src/hotspot/share/interpreter/linkResolver.cpp, line 759]
Event: 18.385 Thread 0x00007fdbab51fa00 Exception <a 'java/lang/NoSuchMethodError'{0x000000078373b028}: 'int java.lang.invoke.DirectMethodHandle$Holder.invokeStaticInit(java.lang.Object, java.lang.Object, java.lang.Object, java.lang.Object, java.lang.Object)'> (0x000000078373b028) 
thrown [open/src/hotspot/share/interpreter/linkResolver.cpp, line 759]
Event: 18.465 Thread 0x00007fdbab51fa00 Exception <a 'java/lang/NoSuchMethodError'{0x00000007835ba288}: 'java.lang.Object java.lang.invoke.DirectMethodHandle$Holder.newInvokeSpecial(java.lang.Object, java.lang.Object, java.lang.Object, java.lang.Object, java.lang.Object, java.lang.Object, java.lang.Object, java.lang.Object, java.lang.Object, java.lang.Object, java.lang.Object, java.lang.Object, java.lang.Object)'> (0x00000007835ba288) 
thrown [open/src/hotspot/share/interpreter/linkResolver.cpp, line 759]
Event: 18.501 Thread 0x00007fdbab51fa00 Exception <a 'java/lang/NoSuchMethodError'{0x00000007833baee0}: 'java.lang.Object java.lang.invoke.DirectMethodHandle$Holder.newInvokeSpecial(java.lang.Object, java.lang.Object, java.lang.Object, java.lang.Object, java.lang.Object, java.lang.Object, java.lang.Object, java.lang.Object, java.lang.Object, java.lang.Object, java.lang.Object, java.lang.Object, java.lang.Object, java.lang.Object, java.lang.Object, java.lang.Object, java.lang.Object, java.lang.Object, java.lang.Object, java.lang.Object, java.lang
Event: 18.743 Thread 0x00007fdbab51fa00 Exception <a 'java/lang/NoSuchMethodError'{0x000000078dd59528}: 'java.lang.Object java.lang.invoke.DirectMethodHandle$Holder.newInvokeSpecial(java.lang.Object, java.lang.Object, java.lang.Object, java.lang.Object, java.lang.Object, java.lang.Object, java.lang.Object, java.lang.Object, java.lang.Object, java.lang.Object, java.lang.Object, java.lang.Object, java.lang.Object, java.lang.Object, java.lang.Object, java.lang.Object, java.lang.Object, java.lang.Object)'> (0x000000078dd59528) 
thrown [open/src/hots
Event: 18.788 Thread 0x00007fdbab51fa00 Exception <a 'java/lang/NoSuchMethodError'{0x0000000784f7faa0}: 'java.lang.Object java.lang.invoke.DirectMethodHandle$Holder.newInvokeSpecial(java.lang.Object, int, java.lang.Object)'> (0x0000000784f7faa0) 
thrown [open/src/hotspot/share/interpreter/linkResolver.cpp, line 759]

VM Operations (20 events):
Event: 14.994 Executing VM operation: Cleanup
Event: 14.994 Executing VM operation: Cleanup done
Event: 15.291 Executing VM operation: HandshakeAllThreads
Event: 15.291 Executing VM operation: HandshakeAllThreads done
Event: 15.471 Executing VM operation: HandshakeAllThreads
Event: 15.472 Executing VM operation: HandshakeAllThreads done
Event: 16.475 Executing VM operation: Cleanup
Event: 16.486 Executing VM operation: Cleanup done
Event: 18.196 Executing VM operation: HandshakeAllThreads
Event: 18.196 Executing VM operation: HandshakeAllThreads done
Event: 18.196 Executing VM operation: Cleanup
Event: 18.206 Executing VM operation: Cleanup done
Event: 18.255 Executing VM operation: HandshakeAllThreads
Event: 18.255 Executing VM operation: HandshakeAllThreads done
Event: 18.354 Executing VM operation: HandshakeAllThreads
Event: 18.354 Executing VM operation: HandshakeAllThreads done
Event: 18.504 Executing VM operation: G1CollectForAllocation
Event: 18.524 Executing VM operation: G1CollectForAllocation done
Event: 18.541 Executing VM operation: HandshakeAllThreads
Event: 18.541 Executing VM operation: HandshakeAllThreads done

Events (20 events):
Event: 9.914 Thread 0x00007fdbae9c5400 Thread added: 0x00007fdbae9c5400
Event: 9.914 Protecting memory [0x000070000fc85000,0x000070000fc89000] with protection modes 0
Event: 10.438 Thread 0x00007fdbadb33a00 Thread added: 0x00007fdbadb33a00
Event: 10.438 Protecting memory [0x000070000fd88000,0x000070000fd8c000] with protection modes 0
Event: 10.845 Thread 0x00007fdbaf808e00 Thread added: 0x00007fdbaf808e00
Event: 10.845 Protecting memory [0x000070000fe8b000,0x000070000fe8f000] with protection modes 0
Event: 11.373 Thread 0x00007fdbaea28e00 Thread added: 0x00007fdbaea28e00
Event: 11.373 Protecting memory [0x000070000ff8e000,0x000070000ff92000] with protection modes 0
Event: 12.932 Thread 0x00007fdbadb59c00 Thread added: 0x00007fdbadb59c00
Event: 12.932 Protecting memory [0x0000700010194000,0x0000700010198000] with protection modes 0
Event: 13.352 Thread 0x00007fdbab38ea00 Thread added: 0x00007fdbab38ea00
Event: 13.352 Protecting memory [0x0000700010297000,0x000070001029b000] with protection modes 0
Event: 14.118 Thread 0x00007fdbacc4e400 Thread added: 0x00007fdbacc4e400
Event: 14.118 Protecting memory [0x000070000dba2000,0x000070000dba6000] with protection modes 0
Event: 15.179 Protecting memory [0x000070000f673000,0x000070000f677000] with protection modes 3
Event: 15.179 Thread 0x00007fdbaa434e00 Thread exited: 0x00007fdbaa434e00
Event: 17.790 Thread 0x00007fdbaecfc000 Thread added: 0x00007fdbaecfc000
Event: 17.793 Protecting memory [0x000070000f673000,0x000070000f677000] with protection modes 0
Event: 17.986 Thread 0x00007fdbaf167000 Thread added: 0x00007fdbaf167000
Event: 17.986 Protecting memory [0x000070001039a000,0x000070001039e000] with protection modes 0


Dynamic libraries:
0x0000000101fc4000 	/Library/Java/JavaVirtualMachines/jdk-18.0.2.1.jdk/Contents/Home/lib/libjli.dylib
0x00007ff80f245000 	/usr/lib/libz.1.dylib
0x00007ff80f325000 	/usr/lib/libSystem.B.dylib
0x00007ff80f320000 	/usr/lib/system/libcache.dylib
0x00007ff80f2dc000 	/usr/lib/system/libcommonCrypto.dylib
0x00007ff80f305000 	/usr/lib/system/libcompiler_rt.dylib
0x00007ff80f2fb000 	/usr/lib/system/libcopyfile.dylib
0x00007ff8042b4000 	/usr/lib/system/libcorecrypto.dylib
0x00007ff804372000 	/usr/lib/system/libdispatch.dylib
0x00007ff804532000 	/usr/lib/system/libdyld.dylib
0x00007ff80f317000 	/usr/lib/system/libkeymgr.dylib
0x00007ff80f2ba000 	/usr/lib/system/libmacho.dylib
0x00007ff80e93b000 	/usr/lib/system/libquarantine.dylib
0x00007ff80f315000 	/usr/lib/system/libremovefile.dylib
0x00007ff8094c7000 	/usr/lib/system/libsystem_asl.dylib
0x00007ff80425d000 	/usr/lib/system/libsystem_blocks.dylib
0x00007ff8043f6000 	/usr/lib/system/libsystem_c.dylib
0x00007ff80f30d000 	/usr/lib/system/libsystem_collections.dylib
0x00007ff80dbef000 	/usr/lib/system/libsystem_configuration.dylib
0x00007ff80ce98000 	/usr/lib/system/libsystem_containermanager.dylib
0x00007ff80eff2000 	/usr/lib/system/libsystem_coreservices.dylib
0x00007ff806b68000 	/usr/lib/system/libsystem_darwin.dylib
0x00007ff80f318000 	/usr/lib/system/libsystem_dnssd.dylib
0x00007ff8043f3000 	/usr/lib/system/libsystem_featureflags.dylib
0x00007ff804548000 	/usr/lib/system/libsystem_info.dylib
0x00007ff80f258000 	/usr/lib/system/libsystem_m.dylib
0x00007ff804346000 	/usr/lib/system/libsystem_malloc.dylib
0x00007ff809462000 	/usr/lib/system/libsystem_networkextension.dylib
0x00007ff806f8e000 	/usr/lib/system/libsystem_notify.dylib
0x00007ff815593000 	/usr/lib/system/libsystem_product_info_filter.dylib
0x00007ff80dbf3000 	/usr/lib/system/libsystem_sandbox.dylib
0x00007ff80f312000 	/usr/lib/system/libsystem_secinit.dylib
0x00007ff8044ee000 	/usr/lib/system/libsystem_kernel.dylib
0x00007ff80453e000 	/usr/lib/system/libsystem_platform.dylib
0x00007ff804526000 	/usr/lib/system/libsystem_pthread.dylib
0x00007ff80ad15000 	/usr/lib/system/libsystem_symptoms.dylib
0x00007ff80429b000 	/usr/lib/system/libsystem_trace.dylib
0x00007ff80f2e8000 	/usr/lib/system/libunwind.dylib
0x00007ff80425f000 	/usr/lib/system/libxpc.dylib
0x00007ff8044d8000 	/usr/lib/libc++abi.dylib
0x00007ff8043b9000 	/usr/lib/libobjc.A.dylib
0x00007ff80f2f3000 	/usr/lib/liboah.dylib
0x00007ff80447f000 	/usr/lib/libc++.1.dylib
0x00007ff81b394000 	/System/Library/Frameworks/Cocoa.framework/Versions/A/Cocoa
0x00007ff806fec000 	/System/Library/Frameworks/AppKit.framework/Versions/C/AppKit
0x00007ff80a503000 	/System/Library/Frameworks/CoreData.framework/Versions/A/CoreData
0x00007ff8053ef000 	/System/Library/Frameworks/Foundation.framework/Versions/C/Foundation
0x00007ff807e7c000 	/System/Library/PrivateFrameworks/UIFoundation.framework/Versions/A/UIFoundation
0x00007ff815296000 	/System/Library/PrivateFrameworks/RemoteViewServices.framework/Versions/A/RemoteViewServices
0x00007ff80d579000 	/System/Library/PrivateFrameworks/XCTTargetBootstrap.framework/Versions/A/XCTTargetBootstrap
0x00007ff81112c000 	/System/Library/PrivateFrameworks/InternationalSupport.framework/Versions/A/InternationalSupport
0x00007ff8111b6000 	/System/Library/PrivateFrameworks/UserActivity.framework/Versions/A/UserActivity
0x00007ff81050c000 	/usr/lib/libspindump.dylib
0x00007ff80810b000 	/System/Library/Frameworks/UniformTypeIdentifiers.framework/Versions/A/UniformTypeIdentifiers
0x00007ff80bc9d000 	/usr/lib/libapp_launch_measurement.dylib
0x00007ff80aed5000 	/System/Library/PrivateFrameworks/CoreAnalytics.framework/Versions/A/CoreAnalytics
0x00007ff80bca0000 	/System/Library/PrivateFrameworks/CoreAutoLayout.framework/Versions/A/CoreAutoLayout
0x00007ff80ced0000 	/System/Library/Frameworks/Metal.framework/Versions/A/Metal
0x00007ff80dbff000 	/usr/lib/liblangid.dylib
0x00007ff80d57e000 	/System/Library/PrivateFrameworks/CoreSVG.framework/Versions/A/CoreSVG
0x00007ff8094f7000 	/System/Library/PrivateFrameworks/SkyLight.framework/Versions/A/SkyLight
0x00007ff809896000 	/System/Library/Frameworks/CoreGraphics.framework/Versions/A/CoreGraphics
0x00007ff815956000 	/System/Library/Frameworks/Accelerate.framework/Versions/A/Accelerate
0x00007ff80ff8b000 	/System/Library/PrivateFrameworks/IconServices.framework/Versions/A/IconServices
0x00007ff80ceb5000 	/System/Library/Frameworks/IOSurface.framework/Versions/A/IOSurface
0x00007ff80af03000 	/usr/lib/libDiagnosticMessagesClient.dylib
0x00007ff819038000 	/System/Library/Frameworks/ApplicationServices.framework/Versions/A/ApplicationServices
0x00007ff80d565000 	/System/Library/PrivateFrameworks/DFRFoundation.framework/Versions/A/DFRFoundation
0x00007ff8068d4000 	/usr/lib/libicucore.A.dylib
0x00007ff811f22000 	/System/Library/Frameworks/AudioToolbox.framework/Versions/A/AudioToolbox
0x00007ff811138000 	/System/Library/PrivateFrameworks/DataDetectorsCore.framework/Versions/A/DataDetectorsCore
0x00007ff90d636000 	/System/Library/PrivateFrameworks/TextInput.framework/Versions/A/TextInput
0x00007ff80947a000 	/usr/lib/libMobileGestalt.dylib
0x00007ff80d271000 	/System/Library/Frameworks/Carbon.framework/Versions/A/Frameworks/HIToolbox.framework/Versions/A/HIToolbox
0x00007ff80b6a0000 	/System/Library/Frameworks/QuartzCore.framework/Versions/A/QuartzCore
0x00007ff806579000 	/System/Library/Frameworks/Security.framework/Versions/A/Security
0x00007ff8152ce000 	/System/Library/Frameworks/Carbon.framework/Versions/A/Frameworks/SpeechRecognition.framework/Versions/A/SpeechRecognition
0x00007ff80b9fd000 	/System/Library/PrivateFrameworks/CoreUI.framework/Versions/A/CoreUI
0x00007ff805e43000 	/System/Library/Frameworks/CoreAudio.framework/Versions/A/CoreAudio
0x00007ff80aff2000 	/System/Library/Frameworks/DiskArbitration.framework/Versions/A/DiskArbitration
0x00007ff8108fa000 	/System/Library/PrivateFrameworks/MultitouchSupport.framework/Versions/A/MultitouchSupport
0x00007ff809479000 	/usr/lib/libenergytrace.dylib
0x00007ff806ed8000 	/System/Library/Frameworks/IOKit.framework/Versions/A/IOKit
0x00007ff8156be000 	/System/Library/Frameworks/CoreServices.framework/Versions/A/CoreServices
0x00007ff80bc37000 	/System/Library/PrivateFrameworks/PerformanceAnalysis.framework/Versions/A/PerformanceAnalysis
0x00007ffa1d318000 	/System/Library/Frameworks/OpenGL.framework/Versions/A/OpenGL
0x00007ff80e861000 	/System/Library/PrivateFrameworks/MobileKeyBag.framework/Versions/A/MobileKeyBag
0x00007ff809f62000 	/System/Library/Frameworks/ColorSync.framework/Versions/A/ColorSync
0x00007ff804573000 	/System/Library/Frameworks/CoreFoundation.framework/Versions/A/CoreFoundation
0x00007ff80d7f5000 	/System/Library/Frameworks/CoreImage.framework/Versions/A/CoreImage
0x00007ff805c57000 	/System/Library/Frameworks/CoreText.framework/Versions/A/CoreText
0x00007ff80d5ae000 	/System/Library/Frameworks/ImageIO.framework/Versions/A/ImageIO
0x00007ff80f32b000 	/System/Library/PrivateFrameworks/SoftLinking.framework/Versions/A/SoftLinking
0x00007ff80bce8000 	/usr/lib/libxml2.2.dylib
0x00007ff80f5af000 	/usr/lib/libcompression.dylib
0x00007ff81105f000 	/System/Library/PrivateFrameworks/TextureIO.framework/Versions/A/TextureIO
0x00007ff80fc9d000 	/usr/lib/libate.dylib
0x00007ff80fa79000 	/usr/lib/liblzma.5.dylib
0x00007ff805101000 	/System/Library/Frameworks/SystemConfiguration.framework/Versions/A/SystemConfiguration
0x00007ff80f327000 	/usr/lib/libfakelink.dylib
0x00007ff808fd2000 	/System/Library/Frameworks/CFNetwork.framework/Versions/A/CFNetwork
0x00007ff80f468000 	/usr/lib/libarchive.2.dylib
0x00007ff80dbfb000 	/System/Library/PrivateFrameworks/AppleSystemInfo.framework/Versions/A/AppleSystemInfo
0x00007ff80e962000 	/usr/lib/libbsm.0.dylib
0x00007ff8085e1000 	/usr/lib/libnetwork.dylib
0x00007ff80f2c0000 	/usr/lib/system/libkxld.dylib
0x00007ff80e595000 	/System/Library/PrivateFrameworks/IOMobileFramebuffer.framework/Versions/A/IOMobileFramebuffer
0x00007ffb1cce2000 	/usr/lib/libCoreEntitlements.dylib
0x00007ff80efd4000 	/System/Library/PrivateFrameworks/AppleFSCompression.framework/Versions/A/AppleFSCompression
0x00007ff80e94a000 	/usr/lib/libcoretls.dylib
0x00007ff80fa93000 	/usr/lib/libcoretls_cfhelpers.dylib
0x00007ff80f5aa000 	/usr/lib/libpam.2.dylib
0x00007ff80a934000 	/usr/lib/libsqlite3.dylib
0x00007ff80fb02000 	/usr/lib/libxar.1.dylib
0x00007ff80efe4000 	/usr/lib/libbz2.1.0.dylib
0x00007ff80f32c000 	/usr/lib/libpcap.A.dylib
0x00007ff80ad0d000 	/usr/lib/libdns_services.dylib
0x00007ff80f57a000 	/usr/lib/libapple_nghttp2.dylib
0x00007ff80f366000 	/usr/lib/libiconv.2.dylib
0x00007ff80f2b9000 	/usr/lib/libcharset.1.dylib
0x00007ff80bc6b000 	/System/Library/Frameworks/CoreServices.framework/Versions/A/Frameworks/FSEvents.framework/Versions/A/FSEvents
0x00007ff806b72000 	/System/Library/Frameworks/CoreServices.framework/Versions/A/Frameworks/CarbonCore.framework/Versions/A/CarbonCore
0x00007ff80af56000 	/System/Library/Frameworks/CoreServices.framework/Versions/A/Frameworks/Metadata.framework/Versions/A/Metadata
0x00007ff80eff7000 	/System/Library/Frameworks/CoreServices.framework/Versions/A/Frameworks/OSServices.framework/Versions/A/OSServices
0x00007ff80f4ef000 	/System/Library/Frameworks/CoreServices.framework/Versions/A/Frameworks/SearchKit.framework/Versions/A/SearchKit
0x00007ff80ac9f000 	/System/Library/Frameworks/CoreServices.framework/Versions/A/Frameworks/AE.framework/Versions/A/AE
0x00007ff804a76000 	/System/Library/Frameworks/CoreServices.framework/Versions/A/Frameworks/LaunchServices.framework/Versions/A/LaunchServices
0x00007ff80fa2a000 	/System/Library/Frameworks/CoreServices.framework/Versions/A/Frameworks/DictionaryServices.framework/Versions/A/DictionaryServices
0x00007ff80bc78000 	/System/Library/Frameworks/CoreServices.framework/Versions/A/Frameworks/SharedFileList.framework/Versions/A/SharedFileList
0x00007ff80e93e000 	/usr/lib/libCheckFix.dylib
0x00007ff8094de000 	/System/Library/PrivateFrameworks/TCC.framework/Versions/A/TCC
0x00007ff80dc01000 	/System/Library/PrivateFrameworks/CoreNLP.framework/Versions/A/CoreNLP
0x00007ff80af06000 	/System/Library/PrivateFrameworks/MetadataUtilities.framework/Versions/A/MetadataUtilities
0x00007ff8051b2000 	/usr/lib/libmecabra.dylib
0x00007ff80e972000 	/usr/lib/libmecab.dylib
0x00007ff80517d000 	/usr/lib/libCRFSuite.dylib
0x00007ff80e9cc000 	/usr/lib/libgermantok.dylib
0x00007ff80f555000 	/usr/lib/libThaiTokenizer.dylib
0x00007ff80aff9000 	/System/Library/Frameworks/Accelerate.framework/Versions/A/Frameworks/vImage.framework/Versions/A/vImage
0x00007ff815695000 	/System/Library/Frameworks/Accelerate.framework/Versions/A/Frameworks/vecLib.framework/Versions/A/vecLib
0x00007ff80fb43000 	/System/Library/Frameworks/Accelerate.framework/Versions/A/Frameworks/vecLib.framework/Versions/A/libvMisc.dylib
0x00007ff80e3c0000 	/System/Library/Frameworks/Accelerate.framework/Versions/A/Frameworks/vecLib.framework/Versions/A/libvDSP.dylib
0x00007ff804df1000 	/System/Library/Frameworks/Accelerate.framework/Versions/A/Frameworks/vecLib.framework/Versions/A/libBLAS.dylib
0x00007ff80f68c000 	/System/Library/Frameworks/Accelerate.framework/Versions/A/Frameworks/vecLib.framework/Versions/A/libLAPACK.dylib
0x00007ff80e9cf000 	/System/Library/Frameworks/Accelerate.framework/Versions/A/Frameworks/vecLib.framework/Versions/A/libLinearAlgebra.dylib
0x00007ff80f592000 	/System/Library/Frameworks/Accelerate.framework/Versions/A/Frameworks/vecLib.framework/Versions/A/libSparseBLAS.dylib
0x00007ff80f686000 	/System/Library/Frameworks/Accelerate.framework/Versions/A/Frameworks/vecLib.framework/Versions/A/libQuadrature.dylib
0x00007ff80dcec000 	/System/Library/Frameworks/Accelerate.framework/Versions/A/Frameworks/vecLib.framework/Versions/A/libBNNS.dylib
0x00007ff80508b000 	/System/Library/Frameworks/Accelerate.framework/Versions/A/Frameworks/vecLib.framework/Versions/A/libSparse.dylib
0x00007ff80dce5000 	/System/Library/PrivateFrameworks/LinguisticData.framework/Versions/A/LinguisticData
0x00007ff805041000 	/System/Library/PrivateFrameworks/Lexicon.framework/Versions/A/Lexicon
0x00007ff80fb3c000 	/usr/lib/libChineseTokenizer.dylib
0x00007ff8057ac000 	/System/Library/PrivateFrameworks/LanguageModeling.framework/Versions/A/LanguageModeling
0x00007ff80f557000 	/System/Library/PrivateFrameworks/AppleSauce.framework/Versions/A/AppleSauce
0x00007ff80e583000 	/System/Library/PrivateFrameworks/CoreEmoji.framework/Versions/A/CoreEmoji
0x00007ff80f457000 	/usr/lib/libcmph.dylib
0x00007ff80bc4f000 	/System/Library/Frameworks/OpenDirectory.framework/Versions/A/Frameworks/CFOpenDirectory.framework/Versions/A/CFOpenDirectory
0x00007ff80bc43000 	/System/Library/Frameworks/OpenDirectory.framework/Versions/A/OpenDirectory
0x00007ff80fa95000 	/System/Library/PrivateFrameworks/APFS.framework/Versions/A/APFS
0x00007ff80e899000 	/System/Library/Frameworks/SecurityFoundation.framework/Versions/A/SecurityFoundation
0x00007ff80fb10000 	/usr/lib/libutil.dylib
0x00007ff806e9c000 	/System/Library/PrivateFrameworks/CoreServicesStore.framework/Versions/A/CoreServicesStore
0x00007ff80fb14000 	/usr/lib/libxslt.1.dylib
0x00007ff80e926000 	/System/Library/PrivateFrameworks/BackgroundTaskManagement.framework/Versions/A/BackgroundTaskManagement
0x00007ff810f7f000 	/System/Library/Frameworks/ImageIO.framework/Versions/A/Resources/libRadiance.dylib
0x00007ff810f88000 	/System/Library/Frameworks/ImageIO.framework/Versions/A/Resources/libJPEG.dylib
0x00007ff810ed9000 	/System/Library/Frameworks/ImageIO.framework/Versions/A/Resources/libPng.dylib
0x00007ff810efa000 	/System/Library/Frameworks/ImageIO.framework/Versions/A/Resources/libTIFF.dylib
0x00007ff810fe8000 	/System/Library/Frameworks/ImageIO.framework/Versions/A/Resources/libGIF.dylib
0x00007ff810814000 	/System/Library/Frameworks/ImageIO.framework/Versions/A/Resources/libJP2.dylib
0x00007ff80ff52000 	/usr/lib/libexpat.1.dylib
0x00007ff8107c9000 	/System/Library/PrivateFrameworks/AppleJPEG.framework/Versions/A/AppleJPEG
0x00007ff80d135000 	/System/Library/PrivateFrameworks/FontServices.framework/libFontParser.dylib
0x00007ff80ac49000 	/System/Library/PrivateFrameworks/RunningBoardServices.framework/Versions/A/RunningBoardServices
0x00007ff81b94f000 	/System/Library/PrivateFrameworks/IOSurfaceAccelerator.framework/Versions/A/IOSurfaceAccelerator
0x00007ff8108f6000 	/System/Library/PrivateFrameworks/WatchdogClient.framework/Versions/A/WatchdogClient
0x00007ff80589a000 	/System/Library/Frameworks/CoreDisplay.framework/Versions/A/CoreDisplay
0x00007ff80d033000 	/System/Library/Frameworks/CoreMedia.framework/Versions/A/CoreMedia
0x00007ff80cec7000 	/System/Library/PrivateFrameworks/IOAccelerator.framework/Versions/A/IOAccelerator
0x00007ff80bdcc000 	/System/Library/Frameworks/CoreVideo.framework/Versions/A/CoreVideo
0x00007ff80f5a8000 	/System/Library/Frameworks/MetalPerformanceShaders.framework/Versions/A/MetalPerformanceShaders
0x00007ff810933000 	/System/Library/Frameworks/VideoToolbox.framework/Versions/A/VideoToolbox
0x00007ff80ab93000 	/System/Library/PrivateFrameworks/BaseBoard.framework/Versions/A/BaseBoard
0x00007ff80a91a000 	/System/Library/PrivateFrameworks/ProtocolBuffer.framework/Versions/A/ProtocolBuffer
0x00007ff810f78000 	/System/Library/PrivateFrameworks/GPUWrangler.framework/Versions/A/GPUWrangler
0x00007ff810f5c000 	/System/Library/PrivateFrameworks/IOPresentment.framework/Versions/A/IOPresentment
0x00007ff810f82000 	/System/Library/PrivateFrameworks/DSExternalDisplay.framework/Versions/A/DSExternalDisplay
0x00007ffa1d30c000 	/System/Library/Frameworks/OpenGL.framework/Versions/A/Libraries/libCoreFSCache.dylib
0x00007ffb0a3e3000 	/System/Library/PrivateFrameworks/GPUCompiler.framework/Versions/31001/Libraries/libGPUCompilerUtils.dylib
0x00007ff810fed000 	/System/Library/PrivateFrameworks/CMCaptureCore.framework/Versions/A/CMCaptureCore
0x00007ff8104fa000 	/System/Library/PrivateFrameworks/AppServerSupport.framework/Versions/A/AppServerSupport
0x00007ff8127bb000 	/System/Library/PrivateFrameworks/perfdata.framework/Versions/A/perfdata
0x00007ff8059c6000 	/System/Library/PrivateFrameworks/AudioToolboxCore.framework/Versions/A/AudioToolboxCore
0x00007ff80d011000 	/System/Library/PrivateFrameworks/caulk.framework/Versions/A/caulk
0x00007ff8120cd000 	/usr/lib/libAudioStatistics.dylib
0x00007ff909dc4000 	/System/Library/PrivateFrameworks/SystemPolicy.framework/Versions/A/SystemPolicy
0x00007ff812328000 	/usr/lib/libSMC.dylib
0x00007ff81b247000 	/System/Library/Frameworks/CoreMIDI.framework/Versions/A/CoreMIDI
0x00007ff810ea8000 	/usr/lib/libAudioToolboxUtility.dylib
0x00007ff905ff0000 	/System/Library/PrivateFrameworks/OSAServicesClient.framework/Versions/A/OSAServicesClient
0x00007ff8127c8000 	/usr/lib/libperfcheck.dylib
0x00007ff90a871000 	/usr/lib/libmis.dylib
0x00007ffa1d367000 	/System/Library/Frameworks/OpenGL.framework/Versions/A/Libraries/libGLU.dylib
0x00007ffa1d32b000 	/System/Library/Frameworks/OpenGL.framework/Versions/A/Libraries/libGFXShared.dylib
0x00007ffa1d534000 	/System/Library/Frameworks/OpenGL.framework/Versions/A/Libraries/libGL.dylib
0x00007ffa1d334000 	/System/Library/Frameworks/OpenGL.framework/Versions/A/Libraries/libGLImage.dylib
0x00007ffa1d328000 	/System/Library/Frameworks/OpenGL.framework/Versions/A/Libraries/libCVMSPluginSupport.dylib
0x00007ffa1d313000 	/System/Library/Frameworks/OpenGL.framework/Versions/A/Libraries/libCoreVMClient.dylib
0x00007ff80db7d000 	/System/Library/Frameworks/MetalPerformanceShaders.framework/Versions/A/Frameworks/MPSCore.framework/Versions/A/MPSCore
0x00007ff80ef3f000 	/System/Library/Frameworks/MetalPerformanceShaders.framework/Versions/A/Frameworks/MPSImage.framework/Versions/A/MPSImage
0x00007ff80e9e5000 	/System/Library/Frameworks/MetalPerformanceShaders.framework/Versions/A/Frameworks/MPSNeuralNetwork.framework/Versions/A/MPSNeuralNetwork
0x00007ff80ee59000 	/System/Library/Frameworks/MetalPerformanceShaders.framework/Versions/A/Frameworks/MPSMatrix.framework/Versions/A/MPSMatrix
0x00007ff80ec14000 	/System/Library/Frameworks/MetalPerformanceShaders.framework/Versions/A/Frameworks/MPSRayIntersector.framework/Versions/A/MPSRayIntersector
0x00007ff80ee91000 	/System/Library/Frameworks/MetalPerformanceShaders.framework/Versions/A/Frameworks/MPSNDArray.framework/Versions/A/MPSNDArray
0x00007ffa22dec000 	/System/Library/Frameworks/MetalPerformanceShaders.framework/Versions/A/Frameworks/MPSFunctions.framework/Versions/A/MPSFunctions
0x00007ff804ccd000 	/System/Library/PrivateFrameworks/MetalTools.framework/Versions/A/MetalTools
0x00007ff80dbf9000 	/System/Library/PrivateFrameworks/AggregateDictionary.framework/Versions/A/AggregateDictionary
0x00007ff80fd34000 	/usr/lib/libIOReport.dylib
0x00007ffa1e943000 	/System/Library/Frameworks/OpenCL.framework/Versions/A/OpenCL
0x00007ff810098000 	/System/Library/PrivateFrameworks/FaceCore.framework/Versions/A/FaceCore
0x00007ff810089000 	/System/Library/PrivateFrameworks/GraphVisualizer.framework/Versions/A/GraphVisualizer
0x00007ffb0a2ee000 	/System/Library/PrivateFrameworks/FontServices.framework/Versions/A/FontServices
0x00007ff8104b2000 	/System/Library/PrivateFrameworks/OTSVG.framework/Versions/A/OTSVG
0x00007ff80b9b3000 	/System/Library/Frameworks/ApplicationServices.framework/Versions/A/Frameworks/ATS.framework/Versions/A/Resources/libFontRegistry.dylib
0x00007ff810502000 	/System/Library/PrivateFrameworks/FontServices.framework/libhvf.dylib
0x00007ffb0a2ef000 	/System/Library/PrivateFrameworks/FontServices.framework/libXTFontStaticRegistryData.dylib
0x00007ff80ff02000 	/System/Library/PrivateFrameworks/AppleVA.framework/Versions/A/AppleVA
0x00007ff8120ed000 	/System/Library/Frameworks/ApplicationServices.framework/Versions/A/Frameworks/ATS.framework/Versions/A/ATS
0x00007ff80a060000 	/System/Library/Frameworks/ApplicationServices.framework/Versions/A/Frameworks/HIServices.framework/Versions/A/HIServices
0x00007ff810ff7000 	/System/Library/Frameworks/ApplicationServices.framework/Versions/A/Frameworks/PrintCore.framework/Versions/A/PrintCore
0x00007ff81247b000 	/System/Library/Frameworks/ApplicationServices.framework/Versions/A/Frameworks/QD.framework/Versions/A/QD
0x00007ff812473000 	/System/Library/Frameworks/ApplicationServices.framework/Versions/A/Frameworks/ColorSyncLegacy.framework/Versions/A/ColorSyncLegacy
0x00007ff8120dd000 	/System/Library/Frameworks/ApplicationServices.framework/Versions/A/Frameworks/SpeechSynthesis.framework/Versions/A/SpeechSynthesis
0x00007ff810fb8000 	/System/Library/Frameworks/ApplicationServices.framework/Versions/A/Frameworks/ATSUI.framework/Versions/A/ATSUI
0x00007ff812408000 	/usr/lib/libcups.2.dylib
0x00007ff8127d7000 	/System/Library/Frameworks/Kerberos.framework/Versions/A/Kerberos
0x00007ff8127e6000 	/System/Library/Frameworks/GSS.framework/Versions/A/GSS
0x00007ff812159000 	/usr/lib/libresolv.9.dylib
0x00007ff810511000 	/System/Library/PrivateFrameworks/Heimdal.framework/Versions/A/Heimdal
0x00007ff8193ca000 	/System/Library/Frameworks/Kerberos.framework/Versions/A/Libraries/libHeimdalProxy.dylib
0x00007ff80ad1d000 	/System/Library/Frameworks/Network.framework/Versions/A/Network
0x00007ff80ff6c000 	/usr/lib/libheimdal-asn1.dylib
0x00007ff812831000 	/System/Library/PrivateFrameworks/CommonAuth.framework/Versions/A/CommonAuth
0x00007ff81205f000 	/System/Library/PrivateFrameworks/AudioSession.framework/Versions/A/AudioSession
0x00007ff80fffc000 	/System/Library/PrivateFrameworks/MediaExperience.framework/Versions/A/MediaExperience
0x00007ff811ef1000 	/System/Library/PrivateFrameworks/AudioSession.framework/libSessionUtility.dylib
0x00007ff812487000 	/System/Library/PrivateFrameworks/AudioResourceArbitration.framework/Versions/A/AudioResourceArbitration
0x00007ff816508000 	/System/Library/PrivateFrameworks/PowerLog.framework/Versions/A/PowerLog
0x00007ff80ff75000 	/System/Library/PrivateFrameworks/IconFoundation.framework/Versions/A/IconFoundation
0x00007ff8152be000 	/System/Library/PrivateFrameworks/SpeechRecognitionCore.framework/Versions/A/SpeechRecognitionCore
0x0000000105031000 	/Library/Java/JavaVirtualMachines/jdk-18.0.2.1.jdk/Contents/Home/lib/server/libjvm.dylib
0x0000000101feb000 	/Library/Java/JavaVirtualMachines/jdk-18.0.2.1.jdk/Contents/Home/lib/libjimage.dylib
0x000000010406e000 	/Library/Java/JavaVirtualMachines/jdk-18.0.2.1.jdk/Contents/Home/lib/libjava.dylib
0x0000000104ed4000 	/Library/Java/JavaVirtualMachines/jdk-18.0.2.1.jdk/Contents/Home/lib/libnio.dylib
0x0000000104ef0000 	/Library/Java/JavaVirtualMachines/jdk-18.0.2.1.jdk/Contents/Home/lib/libnet.dylib
0x0000000104eb9000 	/Library/Java/JavaVirtualMachines/jdk-18.0.2.1.jdk/Contents/Home/lib/libzip.dylib
0x0000000104f0c000 	/Library/Java/JavaVirtualMachines/jdk-18.0.2.1.jdk/Contents/Home/lib/libverify.dylib
0x000000010405f000 	/Users/mac/.gradle/native/e1d6ef7f7dcc3fd88c89a11ec53ec762bb8ba0a96d01ffa2cd45eb1d1d8dd5c5/osx-amd64/libnative-platform.dylib
0x0000000104f91000 	/Users/mac/.gradle/native/5664cfc778a61ccfe75a443a1ab52a65af34e5dc3c78e0209fed803814484fcb/osx-amd64/libnative-platform-file-events.dylib
0x0000000104f33000 	/Library/Java/JavaVirtualMachines/jdk-18.0.2.1.jdk/Contents/Home/lib/libmanagement.dylib
0x0000000104f43000 	/Library/Java/JavaVirtualMachines/jdk-18.0.2.1.jdk/Contents/Home/lib/libmanagement_ext.dylib
0x0000000104f53000 	/Library/Java/JavaVirtualMachines/jdk-18.0.2.1.jdk/Contents/Home/lib/libextnet.dylib


VM Arguments:
jvm_args: -XX:MaxMetaspaceSize=512m --add-opens=java.base/java.util=ALL-UNNAMED --add-opens=java.base/java.lang=ALL-UNNAMED --add-opens=java.base/java.lang.invoke=ALL-UNNAMED --add-opens=java.base/java.util=ALL-UNNAMED --add-opens=java.prefs/java.util.prefs=ALL-UNNAMED --add-opens=java.prefs/java.util.prefs=ALL-UNNAMED --add-opens=java.base/java.nio.charset=ALL-UNNAMED --add-opens=java.base/java.net=ALL-UNNAMED --add-opens=java.base/java.util.concurrent.atomic=ALL-UNNAMED -Xmx2048m -Dfile.encoding=utf8 -Duser.country=VN -Duser.language=en -Duser.variant 
java_command: org.gradle.launcher.daemon.bootstrap.GradleDaemon 7.3.3
java_class_path (initial): /Users/mac/.gradle/wrapper/dists/gradle-7.3.3-all/4295vidhdd9hd3gbjyw1xqxpo/gradle-7.3.3/lib/gradle-launcher-7.3.3.jar
Launcher Type: SUN_STANDARD

[Global flags]
     intx CICompilerCount                          = 3                                         {product} {ergonomic}
   size_t CompressedClassSpaceSize                 = 432013312                                 {product} {ergonomic}
     uint ConcGCThreads                            = 1                                         {product} {ergonomic}
     uint G1ConcRefinementThreads                  = 4                                         {product} {ergonomic}
   size_t G1HeapRegionSize                         = 1048576                                   {product} {ergonomic}
    uintx GCDrainStackTargetSize                   = 64                                        {product} {ergonomic}
   size_t InitialHeapSize                          = 268435456                                 {product} {ergonomic}
   size_t MarkStackSize                            = 4194304                                   {product} {ergonomic}
   size_t MaxHeapSize                              = 2147483648                                {product} {command line}
   size_t MaxMetaspaceSize                         = 536870912                                 {product} {command line}
   size_t MaxNewSize                               = 1287651328                                {product} {ergonomic}
   size_t MinHeapDeltaBytes                        = 1048576                                   {product} {ergonomic}
   size_t MinHeapSize                              = 8388608                                   {product} {ergonomic}
    uintx NonNMethodCodeHeapSize                   = 5832780                                {pd product} {ergonomic}
    uintx NonProfiledCodeHeapSize                  = 122912730                              {pd product} {ergonomic}
    uintx ProfiledCodeHeapSize                     = 122912730                              {pd product} {ergonomic}
    uintx ReservedCodeCacheSize                    = 251658240                              {pd product} {ergonomic}
     bool SegmentedCodeCache                       = true                                      {product} {ergonomic}
   size_t SoftMaxHeapSize                          = 2147483648                             {manageable} {ergonomic}
     bool UseCompressedClassPointers               = true                           {product lp64_product} {ergonomic}
     bool UseCompressedOops                        = true                           {product lp64_product} {ergonomic}
     bool UseG1GC                                  = true                                      {product} {ergonomic}
     bool UseNUMA                                  = false                                     {product} {ergonomic}
     bool UseNUMAInterleaving                      = false                                     {product} {ergonomic}

Logging:
Log output configuration:
 #0: stdout all=warning uptime,level,tags foldmultilines=false
 #1: stderr all=off uptime,level,tags foldmultilines=false

Environment Variables:
PATH=/usr/local/bin:/usr/bin:/bin:/usr/sbin:/sbin:/Library/Apple/usr/bin
SHELL=/bin/zsh

Signal Handlers:
   SIGSEGV: _ZL13crash_handleriP9__siginfoPv in libjvm.dylib, mask=11100110000111110111111111111111, flags=SA_RESTART|SA_SIGINFO
    SIGBUS: _ZL13crash_handleriP9__siginfoPv in libjvm.dylib, mask=11100110000111110111111111111111, flags=SA_RESTART|SA_SIGINFO
    SIGFPE: _ZL13crash_handleriP9__siginfoPv in libjvm.dylib, mask=11100110000111110111111111111111, flags=SA_RESTART|SA_SIGINFO
   SIGPIPE: _ZL17javaSignalHandleriP9__siginfoPv in libjvm.dylib, mask=11100110000111110111111111111111, flags=SA_RESTART|SA_SIGINFO
   SIGXFSZ: _ZL17javaSignalHandleriP9__siginfoPv in libjvm.dylib, mask=11100110000111110111111111111111, flags=SA_RESTART|SA_SIGINFO
    SIGILL: _ZL13crash_handleriP9__siginfoPv in libjvm.dylib, mask=11100110000111110111111111111111, flags=SA_RESTART|SA_SIGINFO
   SIGUSR2: _ZL10SR_handleriP9__siginfoP17__darwin_ucontext in libjvm.dylib, mask=00100000000000000000000000000000, flags=SA_RESTART|SA_SIGINFO
    SIGHUP: _ZL11UserHandleriPvS_ in libjvm.dylib, mask=11100110000111110111111111111111, flags=SA_RESTART|SA_SIGINFO
    SIGINT: _ZL11UserHandleriPvS_ in libjvm.dylib, mask=11100110000111110111111111111111, flags=SA_RESTART|SA_SIGINFO
   SIGTERM: _ZL11UserHandleriPvS_ in libjvm.dylib, mask=11100110000111110111111111111111, flags=SA_RESTART|SA_SIGINFO
   SIGQUIT: _ZL11UserHandleriPvS_ in libjvm.dylib, mask=11100110000111110111111111111111, flags=SA_RESTART|SA_SIGINFO
   SIGTRAP: _ZL13crash_handleriP9__siginfoPv in libjvm.dylib, mask=11100110000111110111111111111111, flags=SA_RESTART|SA_SIGINFO


---------------  S Y S T E M  ---------------

OS:
uname: Darwin 21.6.0 Darwin Kernel Version 21.6.0: Wed Aug 10 14:25:27 PDT 2022; root:xnu-8020.141.5~2/RELEASE_X86_64 x86_64
OS uptime: 0 days 0:02 hours
rlimit (soft/hard): STACK 8192k/65532k , CORE 0k/infinity , NPROC 2784/4176 , NOFILE 10240/infinity , AS infinity/infinity , CPU infinity/infinity , DATA infinity/infinity , FSIZE infinity/infinity , MEMLOCK infinity/infinity , RSS infinity/infinity
load average: 68.59 26.19 10.40

CPU: total 4 (initial active 4) (2 cores per cpu, 2 threads per core) family 6 model 61 stepping 4 microcode 0x2f, cx8, cmov, fxsr, ht, mmx, 3dnowpref, sse, sse2, sse3, ssse3, sse4.1, sse4.2, popcnt, lzcnt, tsc, tscinvbit, avx, avx2, aes, erms, clmul, bmi1, bmi2, adx, fma, vzeroupper, clflush

Memory: 4k page, physical 16777216k(3292664k free), swap 0k(0k free)

vm_info: Java HotSpot(TM) 64-Bit Server VM (18.0.2.1+1-1) for bsd-amd64 JRE (18.0.2.1+1-1), built on Aug 16 2022 00:46:02 by "mach5one" with clang Apple LLVM 12.0.0 (clang-1200.0.32.29)

END.
